<?xml version="1.0" encoding="UTF-8"?>
<!-- Generated by org.testng.reporters.JUnitXMLReporter -->
<testsuite ignored="7" hostname="Naveen" failures="0" tests="0" name="Default test" time="30.707" errors="0" timestamp="2023-05-17T13:36:13 IST">
  <testcase classname="Agent_Module.AgentOperationsTest" name="OutboundCallManual" time="0.0">
    <ignored/>
  </testcase> <!-- OutboundCallManual -->
  <testcase classname="Agent_Module.AgentOperationsTest" name="CrmUpdateAndEndCall" time="0.0">
    <ignored/>
  </testcase> <!-- CrmUpdateAndEndCall -->
  <testcase classname="Agent_Module.AgentOperationsTest" name="BreakFromCall" time="0.0">
    <ignored/>
  </testcase> <!-- BreakFromCall -->
  <testcase classname="Agent_Module.AgentOperationsTest" name="ReadyToCall" time="0.0">
    <ignored/>
  </testcase> <!-- ReadyToCall -->
  <testcase classname="Agent_Module.AgentOperationsTest" name="HoldAndUnholdCall" time="0.0">
    <ignored/>
  </testcase> <!-- HoldAndUnholdCall -->
  <testcase classname="Agent_Module.AgentOperationsTest" name="MuteAndUnMuteCall" time="0.0">
    <ignored/>
  </testcase> <!-- MuteAndUnMuteCall -->
  <testcase classname="Agent_Module.AgentOperationsTest" name="Wrapupcall" time="0.0">
    <ignored/>
  </testcase> <!-- Wrapupcall -->
</testsuite> <!-- Default test -->
