<?xml version="1.0" encoding="UTF-8"?>
<!-- Generated by org.testng.reporters.JUnitXMLReporter -->
<testsuite ignored="0" hostname="Naveen" failures="19" tests="199" name="Test" time="135.84" errors="0" timestamp="2023-05-16T22:30:42 IST">
  <testcase classname="Convox.GenericLibraries.BaseClass" name="@AfterMethod amConfigration" time="123.822">
    <failure type="org.openqa.selenium.NoSuchWindowException" message="no such window: target window already closed
from unknown error: web view not found
  (Session info: chrome=113.0.5672.93)
Build info: version: &amp;apos;4.4.0&amp;apos;, revision: &amp;apos;e5c75ed026a&amp;apos;
System info: host: &amp;apos;NAVEEN&amp;apos;, ip: &amp;apos;192.168.1.10&amp;apos;, os.name: &amp;apos;Windows 11&amp;apos;, os.arch: &amp;apos;amd64&amp;apos;, os.version: &amp;apos;10.0&amp;apos;, java.version: &amp;apos;17.0.6&amp;apos;
Driver info: org.openqa.selenium.chrome.ChromeDriver
Command: [61e27d34db1ad060f3e22af19ff861d5, findElements {using=css selector, value=frame[name=&amp;apos;agentframe&amp;apos;],iframe[name=&amp;apos;agentframe&amp;apos;]}]
Capabilities {acceptInsecureCerts: false, browserName: chrome, browserVersion: 113.0.5672.93, chrome: {chromedriverVersion: 113.0.5672.63 (0e1a4471d5ae..., userDataDir: C:\Users\bella\AppData\Loca...}, goog:chromeOptions: {debuggerAddress: localhost:60310}, networkConnectionEnabled: false, pageLoadStrategy: normal, platformName: WINDOWS, proxy: Proxy(), se:cdp: ws://localhost:60310/devtoo..., se:cdpVersion: 113.0.5672.93, setWindowRect: true, strictFileInteractability: false, timeouts: {implicit: 0, pageLoad: 300000, script: 30000}, unhandledPromptBehavior: dismiss and notify, webauthn:extension:credBlob: true, webauthn:extension:largeBlob: true, webauthn:extension:minPinLength: true, webauthn:extension:prf: true, webauthn:virtualAuthenticators: true}
Session ID: 61e27d34db1ad060f3e22af19ff861d5">
      <![CDATA[org.openqa.selenium.NoSuchWindowException: no such window: target window already closed
from unknown error: web view not found
  (Session info: chrome=113.0.5672.93)
Build info: version: '4.4.0', revision: 'e5c75ed026a'
System info: host: 'NAVEEN', ip: '192.168.1.10', os.name: 'Windows 11', os.arch: 'amd64', os.version: '10.0', java.version: '17.0.6'
Driver info: org.openqa.selenium.chrome.ChromeDriver
Command: [61e27d34db1ad060f3e22af19ff861d5, findElements {using=css selector, value=frame[name='agentframe'],iframe[name='agentframe']}]
Capabilities {acceptInsecureCerts: false, browserName: chrome, browserVersion: 113.0.5672.93, chrome: {chromedriverVersion: 113.0.5672.63 (0e1a4471d5ae..., userDataDir: C:\Users\bella\AppData\Loca...}, goog:chromeOptions: {debuggerAddress: localhost:60310}, networkConnectionEnabled: false, pageLoadStrategy: normal, platformName: WINDOWS, proxy: Proxy(), se:cdp: ws://localhost:60310/devtoo..., se:cdpVersion: 113.0.5672.93, setWindowRect: true, strictFileInteractability: false, timeouts: {implicit: 0, pageLoad: 300000, script: 30000}, unhandledPromptBehavior: dismiss and notify, webauthn:extension:credBlob: true, webauthn:extension:largeBlob: true, webauthn:extension:minPinLength: true, webauthn:extension:prf: true, webauthn:virtualAuthenticators: true}
Session ID: 61e27d34db1ad060f3e22af19ff861d5
at org.openqa.selenium.remote.codec.w3c.W3CHttpResponseCodec.createException(W3CHttpResponseCodec.java:200)
at org.openqa.selenium.remote.codec.w3c.W3CHttpResponseCodec.decode(W3CHttpResponseCodec.java:133)
at org.openqa.selenium.remote.codec.w3c.W3CHttpResponseCodec.decode(W3CHttpResponseCodec.java:53)
at org.openqa.selenium.remote.HttpCommandExecutor.execute(HttpCommandExecutor.java:184)
at org.openqa.selenium.remote.service.DriverCommandExecutor.invokeExecute(DriverCommandExecutor.java:167)
at org.openqa.selenium.remote.service.DriverCommandExecutor.execute(DriverCommandExecutor.java:142)
at org.openqa.selenium.remote.RemoteWebDriver.execute(RemoteWebDriver.java:547)
at org.openqa.selenium.remote.ElementLocation$ElementFinder$2.findElements(ElementLocation.java:179)
at org.openqa.selenium.remote.ElementLocation.findElements(ElementLocation.java:102)
at org.openqa.selenium.remote.RemoteWebDriver.findElements(RemoteWebDriver.java:380)
at org.openqa.selenium.remote.RemoteWebDriver.findElements(RemoteWebDriver.java:372)
at org.openqa.selenium.remote.RemoteWebDriver$RemoteTargetLocator.frame(RemoteWebDriver.java:1056)
at Convox.GenericLibraries.WebDriverLibrary.switchToFrame(WebDriverLibrary.java:221)
at Convox.ObjectRepository.AgentModule.AgentHomePage.LogoutFromAgentModule(AgentHomePage.java:180)
at Convox.GenericLibraries.BaseClass.amConfigration(BaseClass.java:98)
at java.base/java.util.concurrent.FutureTask.run(FutureTask.java:264)
at java.base/java.util.concurrent.Executors$RunnableAdapter.call(Executors.java:539)
at java.base/java.util.concurrent.FutureTask.run(FutureTask.java:264)
at java.base/java.util.concurrent.ThreadPoolExecutor.runWorker(ThreadPoolExecutor.java:1136)
at java.base/java.util.concurrent.ThreadPoolExecutor$Worker.run(ThreadPoolExecutor.java:635)
at java.base/java.lang.Thread.run(Thread.java:833)
... Removed 19 stack frames]]>
    </failure>
  </testcase> <!-- @AfterMethod amConfigration -->
  <testcase classname="Convox.GenericLibraries.BaseClass" name="@BeforeMethod bmConfigration" time="-1.684256440978E9">
    <skipped/>
  </testcase> <!-- @BeforeMethod bmConfigration -->
  <testcase classname="Convox.GenericLibraries.BaseClass" name="@AfterMethod amConfigration" time="122.795">
    <failure type="org.openqa.selenium.NoSuchWindowException" message="no such window: target window already closed
from unknown error: web view not found
  (Session info: chrome=113.0.5672.93)
Build info: version: &amp;apos;4.4.0&amp;apos;, revision: &amp;apos;e5c75ed026a&amp;apos;
System info: host: &amp;apos;NAVEEN&amp;apos;, ip: &amp;apos;192.168.1.10&amp;apos;, os.name: &amp;apos;Windows 11&amp;apos;, os.arch: &amp;apos;amd64&amp;apos;, os.version: &amp;apos;10.0&amp;apos;, java.version: &amp;apos;17.0.6&amp;apos;
Driver info: org.openqa.selenium.chrome.ChromeDriver
Command: [61e27d34db1ad060f3e22af19ff861d5, findElements {using=css selector, value=frame[name=&amp;apos;agentframe&amp;apos;],iframe[name=&amp;apos;agentframe&amp;apos;]}]
Capabilities {acceptInsecureCerts: false, browserName: chrome, browserVersion: 113.0.5672.93, chrome: {chromedriverVersion: 113.0.5672.63 (0e1a4471d5ae..., userDataDir: C:\Users\bella\AppData\Loca...}, goog:chromeOptions: {debuggerAddress: localhost:60310}, networkConnectionEnabled: false, pageLoadStrategy: normal, platformName: WINDOWS, proxy: Proxy(), se:cdp: ws://localhost:60310/devtoo..., se:cdpVersion: 113.0.5672.93, setWindowRect: true, strictFileInteractability: false, timeouts: {implicit: 0, pageLoad: 300000, script: 30000}, unhandledPromptBehavior: dismiss and notify, webauthn:extension:credBlob: true, webauthn:extension:largeBlob: true, webauthn:extension:minPinLength: true, webauthn:extension:prf: true, webauthn:virtualAuthenticators: true}
Session ID: 61e27d34db1ad060f3e22af19ff861d5">
      <![CDATA[org.openqa.selenium.NoSuchWindowException: no such window: target window already closed
from unknown error: web view not found
  (Session info: chrome=113.0.5672.93)
Build info: version: '4.4.0', revision: 'e5c75ed026a'
System info: host: 'NAVEEN', ip: '192.168.1.10', os.name: 'Windows 11', os.arch: 'amd64', os.version: '10.0', java.version: '17.0.6'
Driver info: org.openqa.selenium.chrome.ChromeDriver
Command: [61e27d34db1ad060f3e22af19ff861d5, findElements {using=css selector, value=frame[name='agentframe'],iframe[name='agentframe']}]
Capabilities {acceptInsecureCerts: false, browserName: chrome, browserVersion: 113.0.5672.93, chrome: {chromedriverVersion: 113.0.5672.63 (0e1a4471d5ae..., userDataDir: C:\Users\bella\AppData\Loca...}, goog:chromeOptions: {debuggerAddress: localhost:60310}, networkConnectionEnabled: false, pageLoadStrategy: normal, platformName: WINDOWS, proxy: Proxy(), se:cdp: ws://localhost:60310/devtoo..., se:cdpVersion: 113.0.5672.93, setWindowRect: true, strictFileInteractability: false, timeouts: {implicit: 0, pageLoad: 300000, script: 30000}, unhandledPromptBehavior: dismiss and notify, webauthn:extension:credBlob: true, webauthn:extension:largeBlob: true, webauthn:extension:minPinLength: true, webauthn:extension:prf: true, webauthn:virtualAuthenticators: true}
Session ID: 61e27d34db1ad060f3e22af19ff861d5
at org.openqa.selenium.remote.codec.w3c.W3CHttpResponseCodec.createException(W3CHttpResponseCodec.java:200)
at org.openqa.selenium.remote.codec.w3c.W3CHttpResponseCodec.decode(W3CHttpResponseCodec.java:133)
at org.openqa.selenium.remote.codec.w3c.W3CHttpResponseCodec.decode(W3CHttpResponseCodec.java:53)
at org.openqa.selenium.remote.HttpCommandExecutor.execute(HttpCommandExecutor.java:184)
at org.openqa.selenium.remote.service.DriverCommandExecutor.invokeExecute(DriverCommandExecutor.java:167)
at org.openqa.selenium.remote.service.DriverCommandExecutor.execute(DriverCommandExecutor.java:142)
at org.openqa.selenium.remote.RemoteWebDriver.execute(RemoteWebDriver.java:547)
at org.openqa.selenium.remote.ElementLocation$ElementFinder$2.findElements(ElementLocation.java:179)
at org.openqa.selenium.remote.ElementLocation.findElements(ElementLocation.java:102)
at org.openqa.selenium.remote.RemoteWebDriver.findElements(RemoteWebDriver.java:380)
at org.openqa.selenium.remote.RemoteWebDriver.findElements(RemoteWebDriver.java:372)
at org.openqa.selenium.remote.RemoteWebDriver$RemoteTargetLocator.frame(RemoteWebDriver.java:1056)
at Convox.GenericLibraries.WebDriverLibrary.switchToFrame(WebDriverLibrary.java:221)
at Convox.ObjectRepository.AgentModule.AgentHomePage.LogoutFromAgentModule(AgentHomePage.java:180)
at Convox.GenericLibraries.BaseClass.amConfigration(BaseClass.java:98)
at java.base/java.util.concurrent.FutureTask.run(FutureTask.java:264)
at java.base/java.util.concurrent.Executors$RunnableAdapter.call(Executors.java:539)
at java.base/java.util.concurrent.FutureTask.run(FutureTask.java:264)
at java.base/java.util.concurrent.ThreadPoolExecutor.runWorker(ThreadPoolExecutor.java:1136)
at java.base/java.util.concurrent.ThreadPoolExecutor$Worker.run(ThreadPoolExecutor.java:635)
at java.base/java.lang.Thread.run(Thread.java:833)
... Removed 19 stack frames]]>
    </failure>
  </testcase> <!-- @AfterMethod amConfigration -->
  <testcase classname="Convox.GenericLibraries.BaseClass" name="@BeforeMethod bmConfigration" time="-1.684256440981E9">
    <skipped/>
  </testcase> <!-- @BeforeMethod bmConfigration -->
  <testcase classname="Convox.GenericLibraries.BaseClass" name="@AfterMethod amConfigration" time="121.145">
    <failure type="org.openqa.selenium.NoSuchWindowException" message="no such window: target window already closed
from unknown error: web view not found
  (Session info: chrome=113.0.5672.93)
Build info: version: &amp;apos;4.4.0&amp;apos;, revision: &amp;apos;e5c75ed026a&amp;apos;
System info: host: &amp;apos;NAVEEN&amp;apos;, ip: &amp;apos;192.168.1.10&amp;apos;, os.name: &amp;apos;Windows 11&amp;apos;, os.arch: &amp;apos;amd64&amp;apos;, os.version: &amp;apos;10.0&amp;apos;, java.version: &amp;apos;17.0.6&amp;apos;
Driver info: org.openqa.selenium.chrome.ChromeDriver
Command: [61e27d34db1ad060f3e22af19ff861d5, findElements {using=css selector, value=frame[name=&amp;apos;agentframe&amp;apos;],iframe[name=&amp;apos;agentframe&amp;apos;]}]
Capabilities {acceptInsecureCerts: false, browserName: chrome, browserVersion: 113.0.5672.93, chrome: {chromedriverVersion: 113.0.5672.63 (0e1a4471d5ae..., userDataDir: C:\Users\bella\AppData\Loca...}, goog:chromeOptions: {debuggerAddress: localhost:60310}, networkConnectionEnabled: false, pageLoadStrategy: normal, platformName: WINDOWS, proxy: Proxy(), se:cdp: ws://localhost:60310/devtoo..., se:cdpVersion: 113.0.5672.93, setWindowRect: true, strictFileInteractability: false, timeouts: {implicit: 0, pageLoad: 300000, script: 30000}, unhandledPromptBehavior: dismiss and notify, webauthn:extension:credBlob: true, webauthn:extension:largeBlob: true, webauthn:extension:minPinLength: true, webauthn:extension:prf: true, webauthn:virtualAuthenticators: true}
Session ID: 61e27d34db1ad060f3e22af19ff861d5">
      <![CDATA[org.openqa.selenium.NoSuchWindowException: no such window: target window already closed
from unknown error: web view not found
  (Session info: chrome=113.0.5672.93)
Build info: version: '4.4.0', revision: 'e5c75ed026a'
System info: host: 'NAVEEN', ip: '192.168.1.10', os.name: 'Windows 11', os.arch: 'amd64', os.version: '10.0', java.version: '17.0.6'
Driver info: org.openqa.selenium.chrome.ChromeDriver
Command: [61e27d34db1ad060f3e22af19ff861d5, findElements {using=css selector, value=frame[name='agentframe'],iframe[name='agentframe']}]
Capabilities {acceptInsecureCerts: false, browserName: chrome, browserVersion: 113.0.5672.93, chrome: {chromedriverVersion: 113.0.5672.63 (0e1a4471d5ae..., userDataDir: C:\Users\bella\AppData\Loca...}, goog:chromeOptions: {debuggerAddress: localhost:60310}, networkConnectionEnabled: false, pageLoadStrategy: normal, platformName: WINDOWS, proxy: Proxy(), se:cdp: ws://localhost:60310/devtoo..., se:cdpVersion: 113.0.5672.93, setWindowRect: true, strictFileInteractability: false, timeouts: {implicit: 0, pageLoad: 300000, script: 30000}, unhandledPromptBehavior: dismiss and notify, webauthn:extension:credBlob: true, webauthn:extension:largeBlob: true, webauthn:extension:minPinLength: true, webauthn:extension:prf: true, webauthn:virtualAuthenticators: true}
Session ID: 61e27d34db1ad060f3e22af19ff861d5
at org.openqa.selenium.remote.codec.w3c.W3CHttpResponseCodec.createException(W3CHttpResponseCodec.java:200)
at org.openqa.selenium.remote.codec.w3c.W3CHttpResponseCodec.decode(W3CHttpResponseCodec.java:133)
at org.openqa.selenium.remote.codec.w3c.W3CHttpResponseCodec.decode(W3CHttpResponseCodec.java:53)
at org.openqa.selenium.remote.HttpCommandExecutor.execute(HttpCommandExecutor.java:184)
at org.openqa.selenium.remote.service.DriverCommandExecutor.invokeExecute(DriverCommandExecutor.java:167)
at org.openqa.selenium.remote.service.DriverCommandExecutor.execute(DriverCommandExecutor.java:142)
at org.openqa.selenium.remote.RemoteWebDriver.execute(RemoteWebDriver.java:547)
at org.openqa.selenium.remote.ElementLocation$ElementFinder$2.findElements(ElementLocation.java:179)
at org.openqa.selenium.remote.ElementLocation.findElements(ElementLocation.java:102)
at org.openqa.selenium.remote.RemoteWebDriver.findElements(RemoteWebDriver.java:380)
at org.openqa.selenium.remote.RemoteWebDriver.findElements(RemoteWebDriver.java:372)
at org.openqa.selenium.remote.RemoteWebDriver$RemoteTargetLocator.frame(RemoteWebDriver.java:1056)
at Convox.GenericLibraries.WebDriverLibrary.switchToFrame(WebDriverLibrary.java:221)
at Convox.ObjectRepository.AgentModule.AgentHomePage.LogoutFromAgentModule(AgentHomePage.java:180)
at Convox.GenericLibraries.BaseClass.amConfigration(BaseClass.java:98)
at java.base/java.util.concurrent.FutureTask.run(FutureTask.java:264)
at java.base/java.util.concurrent.Executors$RunnableAdapter.call(Executors.java:539)
at java.base/java.util.concurrent.FutureTask.run(FutureTask.java:264)
at java.base/java.util.concurrent.ThreadPoolExecutor.runWorker(ThreadPoolExecutor.java:1136)
at java.base/java.util.concurrent.ThreadPoolExecutor$Worker.run(ThreadPoolExecutor.java:635)
at java.base/java.lang.Thread.run(Thread.java:833)
... Removed 19 stack frames]]>
    </failure>
  </testcase> <!-- @AfterMethod amConfigration -->
  <testcase classname="Convox.GenericLibraries.BaseClass" name="@AfterMethod amConfigration" time="-1.684256440984E9">
    <skipped/>
  </testcase> <!-- @AfterMethod amConfigration -->
  <testcase classname="Convox.GenericLibraries.BaseClass" name="@BeforeMethod bmConfigration" time="-1.684256440984E9">
    <skipped/>
  </testcase> <!-- @BeforeMethod bmConfigration -->
  <testcase classname="Convox.GenericLibraries.BaseClass" name="@AfterMethod amConfigration" time="-1.684256440986E9">
    <skipped/>
  </testcase> <!-- @AfterMethod amConfigration -->
  <testcase classname="Convox.GenericLibraries.BaseClass" name="@BeforeMethod bmConfigration" time="-1.684256440986E9">
    <skipped/>
  </testcase> <!-- @BeforeMethod bmConfigration -->
  <testcase classname="Convox.GenericLibraries.BaseClass" name="@AfterMethod amConfigration" time="-1.684256440986E9">
    <skipped/>
  </testcase> <!-- @AfterMethod amConfigration -->
  <testcase classname="Convox.GenericLibraries.BaseClass" name="@BeforeMethod bmConfigration" time="-1.684256440986E9">
    <skipped/>
  </testcase> <!-- @BeforeMethod bmConfigration -->
  <testcase classname="Convox.GenericLibraries.BaseClass" name="@AfterMethod amConfigration" time="-1.684256440994E9">
    <skipped/>
  </testcase> <!-- @AfterMethod amConfigration -->
  <testcase classname="Convox.GenericLibraries.BaseClass" name="@AfterMethod amConfigration" time="121.461">
    <failure type="org.openqa.selenium.NoSuchWindowException" message="no such window: target window already closed
from unknown error: web view not found
  (Session info: chrome=113.0.5672.93)
Build info: version: &amp;apos;4.4.0&amp;apos;, revision: &amp;apos;e5c75ed026a&amp;apos;
System info: host: &amp;apos;NAVEEN&amp;apos;, ip: &amp;apos;192.168.1.10&amp;apos;, os.name: &amp;apos;Windows 11&amp;apos;, os.arch: &amp;apos;amd64&amp;apos;, os.version: &amp;apos;10.0&amp;apos;, java.version: &amp;apos;17.0.6&amp;apos;
Driver info: org.openqa.selenium.chrome.ChromeDriver
Command: [61e27d34db1ad060f3e22af19ff861d5, findElements {using=css selector, value=frame[name=&amp;apos;agentframe&amp;apos;],iframe[name=&amp;apos;agentframe&amp;apos;]}]
Capabilities {acceptInsecureCerts: false, browserName: chrome, browserVersion: 113.0.5672.93, chrome: {chromedriverVersion: 113.0.5672.63 (0e1a4471d5ae..., userDataDir: C:\Users\bella\AppData\Loca...}, goog:chromeOptions: {debuggerAddress: localhost:60310}, networkConnectionEnabled: false, pageLoadStrategy: normal, platformName: WINDOWS, proxy: Proxy(), se:cdp: ws://localhost:60310/devtoo..., se:cdpVersion: 113.0.5672.93, setWindowRect: true, strictFileInteractability: false, timeouts: {implicit: 0, pageLoad: 300000, script: 30000}, unhandledPromptBehavior: dismiss and notify, webauthn:extension:credBlob: true, webauthn:extension:largeBlob: true, webauthn:extension:minPinLength: true, webauthn:extension:prf: true, webauthn:virtualAuthenticators: true}
Session ID: 61e27d34db1ad060f3e22af19ff861d5">
      <![CDATA[org.openqa.selenium.NoSuchWindowException: no such window: target window already closed
from unknown error: web view not found
  (Session info: chrome=113.0.5672.93)
Build info: version: '4.4.0', revision: 'e5c75ed026a'
System info: host: 'NAVEEN', ip: '192.168.1.10', os.name: 'Windows 11', os.arch: 'amd64', os.version: '10.0', java.version: '17.0.6'
Driver info: org.openqa.selenium.chrome.ChromeDriver
Command: [61e27d34db1ad060f3e22af19ff861d5, findElements {using=css selector, value=frame[name='agentframe'],iframe[name='agentframe']}]
Capabilities {acceptInsecureCerts: false, browserName: chrome, browserVersion: 113.0.5672.93, chrome: {chromedriverVersion: 113.0.5672.63 (0e1a4471d5ae..., userDataDir: C:\Users\bella\AppData\Loca...}, goog:chromeOptions: {debuggerAddress: localhost:60310}, networkConnectionEnabled: false, pageLoadStrategy: normal, platformName: WINDOWS, proxy: Proxy(), se:cdp: ws://localhost:60310/devtoo..., se:cdpVersion: 113.0.5672.93, setWindowRect: true, strictFileInteractability: false, timeouts: {implicit: 0, pageLoad: 300000, script: 30000}, unhandledPromptBehavior: dismiss and notify, webauthn:extension:credBlob: true, webauthn:extension:largeBlob: true, webauthn:extension:minPinLength: true, webauthn:extension:prf: true, webauthn:virtualAuthenticators: true}
Session ID: 61e27d34db1ad060f3e22af19ff861d5
at org.openqa.selenium.remote.codec.w3c.W3CHttpResponseCodec.createException(W3CHttpResponseCodec.java:200)
at org.openqa.selenium.remote.codec.w3c.W3CHttpResponseCodec.decode(W3CHttpResponseCodec.java:133)
at org.openqa.selenium.remote.codec.w3c.W3CHttpResponseCodec.decode(W3CHttpResponseCodec.java:53)
at org.openqa.selenium.remote.HttpCommandExecutor.execute(HttpCommandExecutor.java:184)
at org.openqa.selenium.remote.service.DriverCommandExecutor.invokeExecute(DriverCommandExecutor.java:167)
at org.openqa.selenium.remote.service.DriverCommandExecutor.execute(DriverCommandExecutor.java:142)
at org.openqa.selenium.remote.RemoteWebDriver.execute(RemoteWebDriver.java:547)
at org.openqa.selenium.remote.ElementLocation$ElementFinder$2.findElements(ElementLocation.java:179)
at org.openqa.selenium.remote.ElementLocation.findElements(ElementLocation.java:102)
at org.openqa.selenium.remote.RemoteWebDriver.findElements(RemoteWebDriver.java:380)
at org.openqa.selenium.remote.RemoteWebDriver.findElements(RemoteWebDriver.java:372)
at org.openqa.selenium.remote.RemoteWebDriver$RemoteTargetLocator.frame(RemoteWebDriver.java:1056)
at Convox.GenericLibraries.WebDriverLibrary.switchToFrame(WebDriverLibrary.java:221)
at Convox.ObjectRepository.AgentModule.AgentHomePage.LogoutFromAgentModule(AgentHomePage.java:180)
at Convox.GenericLibraries.BaseClass.amConfigration(BaseClass.java:98)
at java.base/java.util.concurrent.FutureTask.run(FutureTask.java:264)
at java.base/java.util.concurrent.Executors$RunnableAdapter.call(Executors.java:539)
at java.base/java.util.concurrent.FutureTask.run(FutureTask.java:264)
at java.base/java.util.concurrent.ThreadPoolExecutor.runWorker(ThreadPoolExecutor.java:1136)
at java.base/java.util.concurrent.ThreadPoolExecutor$Worker.run(ThreadPoolExecutor.java:635)
at java.base/java.lang.Thread.run(Thread.java:833)
... Removed 19 stack frames]]>
    </failure>
  </testcase> <!-- @AfterMethod amConfigration -->
  <testcase classname="Convox.GenericLibraries.BaseClass" name="@BeforeMethod bmConfigration" time="-1.684256440996E9">
    <skipped/>
  </testcase> <!-- @BeforeMethod bmConfigration -->
  <testcase classname="Convox.GenericLibraries.BaseClass" name="@AfterMethod amConfigration" time="120.521">
    <failure type="org.openqa.selenium.NoSuchWindowException" message="no such window: target window already closed
from unknown error: web view not found
  (Session info: chrome=113.0.5672.93)
Build info: version: &amp;apos;4.4.0&amp;apos;, revision: &amp;apos;e5c75ed026a&amp;apos;
System info: host: &amp;apos;NAVEEN&amp;apos;, ip: &amp;apos;192.168.1.10&amp;apos;, os.name: &amp;apos;Windows 11&amp;apos;, os.arch: &amp;apos;amd64&amp;apos;, os.version: &amp;apos;10.0&amp;apos;, java.version: &amp;apos;17.0.6&amp;apos;
Driver info: org.openqa.selenium.chrome.ChromeDriver
Command: [61e27d34db1ad060f3e22af19ff861d5, findElements {using=css selector, value=frame[name=&amp;apos;agentframe&amp;apos;],iframe[name=&amp;apos;agentframe&amp;apos;]}]
Capabilities {acceptInsecureCerts: false, browserName: chrome, browserVersion: 113.0.5672.93, chrome: {chromedriverVersion: 113.0.5672.63 (0e1a4471d5ae..., userDataDir: C:\Users\bella\AppData\Loca...}, goog:chromeOptions: {debuggerAddress: localhost:60310}, networkConnectionEnabled: false, pageLoadStrategy: normal, platformName: WINDOWS, proxy: Proxy(), se:cdp: ws://localhost:60310/devtoo..., se:cdpVersion: 113.0.5672.93, setWindowRect: true, strictFileInteractability: false, timeouts: {implicit: 0, pageLoad: 300000, script: 30000}, unhandledPromptBehavior: dismiss and notify, webauthn:extension:credBlob: true, webauthn:extension:largeBlob: true, webauthn:extension:minPinLength: true, webauthn:extension:prf: true, webauthn:virtualAuthenticators: true}
Session ID: 61e27d34db1ad060f3e22af19ff861d5">
      <![CDATA[org.openqa.selenium.NoSuchWindowException: no such window: target window already closed
from unknown error: web view not found
  (Session info: chrome=113.0.5672.93)
Build info: version: '4.4.0', revision: 'e5c75ed026a'
System info: host: 'NAVEEN', ip: '192.168.1.10', os.name: 'Windows 11', os.arch: 'amd64', os.version: '10.0', java.version: '17.0.6'
Driver info: org.openqa.selenium.chrome.ChromeDriver
Command: [61e27d34db1ad060f3e22af19ff861d5, findElements {using=css selector, value=frame[name='agentframe'],iframe[name='agentframe']}]
Capabilities {acceptInsecureCerts: false, browserName: chrome, browserVersion: 113.0.5672.93, chrome: {chromedriverVersion: 113.0.5672.63 (0e1a4471d5ae..., userDataDir: C:\Users\bella\AppData\Loca...}, goog:chromeOptions: {debuggerAddress: localhost:60310}, networkConnectionEnabled: false, pageLoadStrategy: normal, platformName: WINDOWS, proxy: Proxy(), se:cdp: ws://localhost:60310/devtoo..., se:cdpVersion: 113.0.5672.93, setWindowRect: true, strictFileInteractability: false, timeouts: {implicit: 0, pageLoad: 300000, script: 30000}, unhandledPromptBehavior: dismiss and notify, webauthn:extension:credBlob: true, webauthn:extension:largeBlob: true, webauthn:extension:minPinLength: true, webauthn:extension:prf: true, webauthn:virtualAuthenticators: true}
Session ID: 61e27d34db1ad060f3e22af19ff861d5
at org.openqa.selenium.remote.codec.w3c.W3CHttpResponseCodec.createException(W3CHttpResponseCodec.java:200)
at org.openqa.selenium.remote.codec.w3c.W3CHttpResponseCodec.decode(W3CHttpResponseCodec.java:133)
at org.openqa.selenium.remote.codec.w3c.W3CHttpResponseCodec.decode(W3CHttpResponseCodec.java:53)
at org.openqa.selenium.remote.HttpCommandExecutor.execute(HttpCommandExecutor.java:184)
at org.openqa.selenium.remote.service.DriverCommandExecutor.invokeExecute(DriverCommandExecutor.java:167)
at org.openqa.selenium.remote.service.DriverCommandExecutor.execute(DriverCommandExecutor.java:142)
at org.openqa.selenium.remote.RemoteWebDriver.execute(RemoteWebDriver.java:547)
at org.openqa.selenium.remote.ElementLocation$ElementFinder$2.findElements(ElementLocation.java:179)
at org.openqa.selenium.remote.ElementLocation.findElements(ElementLocation.java:102)
at org.openqa.selenium.remote.RemoteWebDriver.findElements(RemoteWebDriver.java:380)
at org.openqa.selenium.remote.RemoteWebDriver.findElements(RemoteWebDriver.java:372)
at org.openqa.selenium.remote.RemoteWebDriver$RemoteTargetLocator.frame(RemoteWebDriver.java:1056)
at Convox.GenericLibraries.WebDriverLibrary.switchToFrame(WebDriverLibrary.java:221)
at Convox.ObjectRepository.AgentModule.AgentHomePage.LogoutFromAgentModule(AgentHomePage.java:180)
at Convox.GenericLibraries.BaseClass.amConfigration(BaseClass.java:98)
at java.base/java.util.concurrent.FutureTask.run(FutureTask.java:264)
at java.base/java.util.concurrent.Executors$RunnableAdapter.call(Executors.java:539)
at java.base/java.util.concurrent.FutureTask.run(FutureTask.java:264)
at java.base/java.util.concurrent.ThreadPoolExecutor.runWorker(ThreadPoolExecutor.java:1136)
at java.base/java.util.concurrent.ThreadPoolExecutor$Worker.run(ThreadPoolExecutor.java:635)
at java.base/java.lang.Thread.run(Thread.java:833)
... Removed 18 stack frames]]>
    </failure>
  </testcase> <!-- @AfterMethod amConfigration -->
  <testcase classname="Convox.GenericLibraries.BaseClass" name="@AfterMethod amConfigration" time="123.165">
    <failure type="org.openqa.selenium.NoSuchWindowException" message="no such window: target window already closed
from unknown error: web view not found
  (Session info: chrome=113.0.5672.93)
Build info: version: &amp;apos;4.4.0&amp;apos;, revision: &amp;apos;e5c75ed026a&amp;apos;
System info: host: &amp;apos;NAVEEN&amp;apos;, ip: &amp;apos;192.168.1.10&amp;apos;, os.name: &amp;apos;Windows 11&amp;apos;, os.arch: &amp;apos;amd64&amp;apos;, os.version: &amp;apos;10.0&amp;apos;, java.version: &amp;apos;17.0.6&amp;apos;
Driver info: org.openqa.selenium.chrome.ChromeDriver
Command: [61e27d34db1ad060f3e22af19ff861d5, findElements {using=css selector, value=frame[name=&amp;apos;agentframe&amp;apos;],iframe[name=&amp;apos;agentframe&amp;apos;]}]
Capabilities {acceptInsecureCerts: false, browserName: chrome, browserVersion: 113.0.5672.93, chrome: {chromedriverVersion: 113.0.5672.63 (0e1a4471d5ae..., userDataDir: C:\Users\bella\AppData\Loca...}, goog:chromeOptions: {debuggerAddress: localhost:60310}, networkConnectionEnabled: false, pageLoadStrategy: normal, platformName: WINDOWS, proxy: Proxy(), se:cdp: ws://localhost:60310/devtoo..., se:cdpVersion: 113.0.5672.93, setWindowRect: true, strictFileInteractability: false, timeouts: {implicit: 0, pageLoad: 300000, script: 30000}, unhandledPromptBehavior: dismiss and notify, webauthn:extension:credBlob: true, webauthn:extension:largeBlob: true, webauthn:extension:minPinLength: true, webauthn:extension:prf: true, webauthn:virtualAuthenticators: true}
Session ID: 61e27d34db1ad060f3e22af19ff861d5">
      <![CDATA[org.openqa.selenium.NoSuchWindowException: no such window: target window already closed
from unknown error: web view not found
  (Session info: chrome=113.0.5672.93)
Build info: version: '4.4.0', revision: 'e5c75ed026a'
System info: host: 'NAVEEN', ip: '192.168.1.10', os.name: 'Windows 11', os.arch: 'amd64', os.version: '10.0', java.version: '17.0.6'
Driver info: org.openqa.selenium.chrome.ChromeDriver
Command: [61e27d34db1ad060f3e22af19ff861d5, findElements {using=css selector, value=frame[name='agentframe'],iframe[name='agentframe']}]
Capabilities {acceptInsecureCerts: false, browserName: chrome, browserVersion: 113.0.5672.93, chrome: {chromedriverVersion: 113.0.5672.63 (0e1a4471d5ae..., userDataDir: C:\Users\bella\AppData\Loca...}, goog:chromeOptions: {debuggerAddress: localhost:60310}, networkConnectionEnabled: false, pageLoadStrategy: normal, platformName: WINDOWS, proxy: Proxy(), se:cdp: ws://localhost:60310/devtoo..., se:cdpVersion: 113.0.5672.93, setWindowRect: true, strictFileInteractability: false, timeouts: {implicit: 0, pageLoad: 300000, script: 30000}, unhandledPromptBehavior: dismiss and notify, webauthn:extension:credBlob: true, webauthn:extension:largeBlob: true, webauthn:extension:minPinLength: true, webauthn:extension:prf: true, webauthn:virtualAuthenticators: true}
Session ID: 61e27d34db1ad060f3e22af19ff861d5
at org.openqa.selenium.remote.codec.w3c.W3CHttpResponseCodec.createException(W3CHttpResponseCodec.java:200)
at org.openqa.selenium.remote.codec.w3c.W3CHttpResponseCodec.decode(W3CHttpResponseCodec.java:133)
at org.openqa.selenium.remote.codec.w3c.W3CHttpResponseCodec.decode(W3CHttpResponseCodec.java:53)
at org.openqa.selenium.remote.HttpCommandExecutor.execute(HttpCommandExecutor.java:184)
at org.openqa.selenium.remote.service.DriverCommandExecutor.invokeExecute(DriverCommandExecutor.java:167)
at org.openqa.selenium.remote.service.DriverCommandExecutor.execute(DriverCommandExecutor.java:142)
at org.openqa.selenium.remote.RemoteWebDriver.execute(RemoteWebDriver.java:547)
at org.openqa.selenium.remote.ElementLocation$ElementFinder$2.findElements(ElementLocation.java:179)
at org.openqa.selenium.remote.ElementLocation.findElements(ElementLocation.java:102)
at org.openqa.selenium.remote.RemoteWebDriver.findElements(RemoteWebDriver.java:380)
at org.openqa.selenium.remote.RemoteWebDriver.findElements(RemoteWebDriver.java:372)
at org.openqa.selenium.remote.RemoteWebDriver$RemoteTargetLocator.frame(RemoteWebDriver.java:1056)
at Convox.GenericLibraries.WebDriverLibrary.switchToFrame(WebDriverLibrary.java:221)
at Convox.ObjectRepository.AgentModule.AgentHomePage.LogoutFromAgentModule(AgentHomePage.java:180)
at Convox.GenericLibraries.BaseClass.amConfigration(BaseClass.java:98)
at java.base/java.util.concurrent.FutureTask.run(FutureTask.java:264)
at java.base/java.util.concurrent.Executors$RunnableAdapter.call(Executors.java:539)
at java.base/java.util.concurrent.FutureTask.run(FutureTask.java:264)
at java.base/java.util.concurrent.ThreadPoolExecutor.runWorker(ThreadPoolExecutor.java:1136)
at java.base/java.util.concurrent.ThreadPoolExecutor$Worker.run(ThreadPoolExecutor.java:635)
at java.base/java.lang.Thread.run(Thread.java:833)
... Removed 19 stack frames]]>
    </failure>
  </testcase> <!-- @AfterMethod amConfigration -->
  <testcase classname="Convox.GenericLibraries.BaseClass" name="@AfterMethod amConfigration" time="119.852">
    <failure type="org.openqa.selenium.NoSuchWindowException" message="no such window: target window already closed
from unknown error: web view not found
  (Session info: chrome=113.0.5672.93)
Build info: version: &amp;apos;4.4.0&amp;apos;, revision: &amp;apos;e5c75ed026a&amp;apos;
System info: host: &amp;apos;NAVEEN&amp;apos;, ip: &amp;apos;192.168.1.10&amp;apos;, os.name: &amp;apos;Windows 11&amp;apos;, os.arch: &amp;apos;amd64&amp;apos;, os.version: &amp;apos;10.0&amp;apos;, java.version: &amp;apos;17.0.6&amp;apos;
Driver info: org.openqa.selenium.chrome.ChromeDriver
Command: [61e27d34db1ad060f3e22af19ff861d5, findElements {using=css selector, value=frame[name=&amp;apos;agentframe&amp;apos;],iframe[name=&amp;apos;agentframe&amp;apos;]}]
Capabilities {acceptInsecureCerts: false, browserName: chrome, browserVersion: 113.0.5672.93, chrome: {chromedriverVersion: 113.0.5672.63 (0e1a4471d5ae..., userDataDir: C:\Users\bella\AppData\Loca...}, goog:chromeOptions: {debuggerAddress: localhost:60310}, networkConnectionEnabled: false, pageLoadStrategy: normal, platformName: WINDOWS, proxy: Proxy(), se:cdp: ws://localhost:60310/devtoo..., se:cdpVersion: 113.0.5672.93, setWindowRect: true, strictFileInteractability: false, timeouts: {implicit: 0, pageLoad: 300000, script: 30000}, unhandledPromptBehavior: dismiss and notify, webauthn:extension:credBlob: true, webauthn:extension:largeBlob: true, webauthn:extension:minPinLength: true, webauthn:extension:prf: true, webauthn:virtualAuthenticators: true}
Session ID: 61e27d34db1ad060f3e22af19ff861d5">
      <![CDATA[org.openqa.selenium.NoSuchWindowException: no such window: target window already closed
from unknown error: web view not found
  (Session info: chrome=113.0.5672.93)
Build info: version: '4.4.0', revision: 'e5c75ed026a'
System info: host: 'NAVEEN', ip: '192.168.1.10', os.name: 'Windows 11', os.arch: 'amd64', os.version: '10.0', java.version: '17.0.6'
Driver info: org.openqa.selenium.chrome.ChromeDriver
Command: [61e27d34db1ad060f3e22af19ff861d5, findElements {using=css selector, value=frame[name='agentframe'],iframe[name='agentframe']}]
Capabilities {acceptInsecureCerts: false, browserName: chrome, browserVersion: 113.0.5672.93, chrome: {chromedriverVersion: 113.0.5672.63 (0e1a4471d5ae..., userDataDir: C:\Users\bella\AppData\Loca...}, goog:chromeOptions: {debuggerAddress: localhost:60310}, networkConnectionEnabled: false, pageLoadStrategy: normal, platformName: WINDOWS, proxy: Proxy(), se:cdp: ws://localhost:60310/devtoo..., se:cdpVersion: 113.0.5672.93, setWindowRect: true, strictFileInteractability: false, timeouts: {implicit: 0, pageLoad: 300000, script: 30000}, unhandledPromptBehavior: dismiss and notify, webauthn:extension:credBlob: true, webauthn:extension:largeBlob: true, webauthn:extension:minPinLength: true, webauthn:extension:prf: true, webauthn:virtualAuthenticators: true}
Session ID: 61e27d34db1ad060f3e22af19ff861d5
at org.openqa.selenium.remote.codec.w3c.W3CHttpResponseCodec.createException(W3CHttpResponseCodec.java:200)
at org.openqa.selenium.remote.codec.w3c.W3CHttpResponseCodec.decode(W3CHttpResponseCodec.java:133)
at org.openqa.selenium.remote.codec.w3c.W3CHttpResponseCodec.decode(W3CHttpResponseCodec.java:53)
at org.openqa.selenium.remote.HttpCommandExecutor.execute(HttpCommandExecutor.java:184)
at org.openqa.selenium.remote.service.DriverCommandExecutor.invokeExecute(DriverCommandExecutor.java:167)
at org.openqa.selenium.remote.service.DriverCommandExecutor.execute(DriverCommandExecutor.java:142)
at org.openqa.selenium.remote.RemoteWebDriver.execute(RemoteWebDriver.java:547)
at org.openqa.selenium.remote.ElementLocation$ElementFinder$2.findElements(ElementLocation.java:179)
at org.openqa.selenium.remote.ElementLocation.findElements(ElementLocation.java:102)
at org.openqa.selenium.remote.RemoteWebDriver.findElements(RemoteWebDriver.java:380)
at org.openqa.selenium.remote.RemoteWebDriver.findElements(RemoteWebDriver.java:372)
at org.openqa.selenium.remote.RemoteWebDriver$RemoteTargetLocator.frame(RemoteWebDriver.java:1056)
at Convox.GenericLibraries.WebDriverLibrary.switchToFrame(WebDriverLibrary.java:221)
at Convox.ObjectRepository.AgentModule.AgentHomePage.LogoutFromAgentModule(AgentHomePage.java:180)
at Convox.GenericLibraries.BaseClass.amConfigration(BaseClass.java:98)
at java.base/java.util.concurrent.FutureTask.run(FutureTask.java:264)
at java.base/java.util.concurrent.Executors$RunnableAdapter.call(Executors.java:539)
at java.base/java.util.concurrent.FutureTask.run(FutureTask.java:264)
at java.base/java.util.concurrent.ThreadPoolExecutor.runWorker(ThreadPoolExecutor.java:1136)
at java.base/java.util.concurrent.ThreadPoolExecutor$Worker.run(ThreadPoolExecutor.java:635)
at java.base/java.lang.Thread.run(Thread.java:833)
... Removed 18 stack frames]]>
    </failure>
  </testcase> <!-- @AfterMethod amConfigration -->
  <testcase classname="Convox.GenericLibraries.BaseClass" name="@AfterMethod amConfigration" time="123.491">
    <failure type="org.openqa.selenium.NoSuchWindowException" message="no such window: target window already closed
from unknown error: web view not found
  (Session info: chrome=113.0.5672.93)
Build info: version: &amp;apos;4.4.0&amp;apos;, revision: &amp;apos;e5c75ed026a&amp;apos;
System info: host: &amp;apos;NAVEEN&amp;apos;, ip: &amp;apos;192.168.1.10&amp;apos;, os.name: &amp;apos;Windows 11&amp;apos;, os.arch: &amp;apos;amd64&amp;apos;, os.version: &amp;apos;10.0&amp;apos;, java.version: &amp;apos;17.0.6&amp;apos;
Driver info: org.openqa.selenium.chrome.ChromeDriver
Command: [61e27d34db1ad060f3e22af19ff861d5, findElements {using=css selector, value=frame[name=&amp;apos;agentframe&amp;apos;],iframe[name=&amp;apos;agentframe&amp;apos;]}]
Capabilities {acceptInsecureCerts: false, browserName: chrome, browserVersion: 113.0.5672.93, chrome: {chromedriverVersion: 113.0.5672.63 (0e1a4471d5ae..., userDataDir: C:\Users\bella\AppData\Loca...}, goog:chromeOptions: {debuggerAddress: localhost:60310}, networkConnectionEnabled: false, pageLoadStrategy: normal, platformName: WINDOWS, proxy: Proxy(), se:cdp: ws://localhost:60310/devtoo..., se:cdpVersion: 113.0.5672.93, setWindowRect: true, strictFileInteractability: false, timeouts: {implicit: 0, pageLoad: 300000, script: 30000}, unhandledPromptBehavior: dismiss and notify, webauthn:extension:credBlob: true, webauthn:extension:largeBlob: true, webauthn:extension:minPinLength: true, webauthn:extension:prf: true, webauthn:virtualAuthenticators: true}
Session ID: 61e27d34db1ad060f3e22af19ff861d5">
      <![CDATA[org.openqa.selenium.NoSuchWindowException: no such window: target window already closed
from unknown error: web view not found
  (Session info: chrome=113.0.5672.93)
Build info: version: '4.4.0', revision: 'e5c75ed026a'
System info: host: 'NAVEEN', ip: '192.168.1.10', os.name: 'Windows 11', os.arch: 'amd64', os.version: '10.0', java.version: '17.0.6'
Driver info: org.openqa.selenium.chrome.ChromeDriver
Command: [61e27d34db1ad060f3e22af19ff861d5, findElements {using=css selector, value=frame[name='agentframe'],iframe[name='agentframe']}]
Capabilities {acceptInsecureCerts: false, browserName: chrome, browserVersion: 113.0.5672.93, chrome: {chromedriverVersion: 113.0.5672.63 (0e1a4471d5ae..., userDataDir: C:\Users\bella\AppData\Loca...}, goog:chromeOptions: {debuggerAddress: localhost:60310}, networkConnectionEnabled: false, pageLoadStrategy: normal, platformName: WINDOWS, proxy: Proxy(), se:cdp: ws://localhost:60310/devtoo..., se:cdpVersion: 113.0.5672.93, setWindowRect: true, strictFileInteractability: false, timeouts: {implicit: 0, pageLoad: 300000, script: 30000}, unhandledPromptBehavior: dismiss and notify, webauthn:extension:credBlob: true, webauthn:extension:largeBlob: true, webauthn:extension:minPinLength: true, webauthn:extension:prf: true, webauthn:virtualAuthenticators: true}
Session ID: 61e27d34db1ad060f3e22af19ff861d5
at org.openqa.selenium.remote.codec.w3c.W3CHttpResponseCodec.createException(W3CHttpResponseCodec.java:200)
at org.openqa.selenium.remote.codec.w3c.W3CHttpResponseCodec.decode(W3CHttpResponseCodec.java:133)
at org.openqa.selenium.remote.codec.w3c.W3CHttpResponseCodec.decode(W3CHttpResponseCodec.java:53)
at org.openqa.selenium.remote.HttpCommandExecutor.execute(HttpCommandExecutor.java:184)
at org.openqa.selenium.remote.service.DriverCommandExecutor.invokeExecute(DriverCommandExecutor.java:167)
at org.openqa.selenium.remote.service.DriverCommandExecutor.execute(DriverCommandExecutor.java:142)
at org.openqa.selenium.remote.RemoteWebDriver.execute(RemoteWebDriver.java:547)
at org.openqa.selenium.remote.ElementLocation$ElementFinder$2.findElements(ElementLocation.java:179)
at org.openqa.selenium.remote.ElementLocation.findElements(ElementLocation.java:102)
at org.openqa.selenium.remote.RemoteWebDriver.findElements(RemoteWebDriver.java:380)
at org.openqa.selenium.remote.RemoteWebDriver.findElements(RemoteWebDriver.java:372)
at org.openqa.selenium.remote.RemoteWebDriver$RemoteTargetLocator.frame(RemoteWebDriver.java:1056)
at Convox.GenericLibraries.WebDriverLibrary.switchToFrame(WebDriverLibrary.java:221)
at Convox.ObjectRepository.AgentModule.AgentHomePage.LogoutFromAgentModule(AgentHomePage.java:180)
at Convox.GenericLibraries.BaseClass.amConfigration(BaseClass.java:98)
at java.base/java.util.concurrent.FutureTask.run(FutureTask.java:264)
at java.base/java.util.concurrent.Executors$RunnableAdapter.call(Executors.java:539)
at java.base/java.util.concurrent.FutureTask.run(FutureTask.java:264)
at java.base/java.util.concurrent.ThreadPoolExecutor.runWorker(ThreadPoolExecutor.java:1136)
at java.base/java.util.concurrent.ThreadPoolExecutor$Worker.run(ThreadPoolExecutor.java:635)
at java.base/java.lang.Thread.run(Thread.java:833)
... Removed 19 stack frames]]>
    </failure>
  </testcase> <!-- @AfterMethod amConfigration -->
  <testcase classname="Convox.GenericLibraries.BaseClass" name="@AfterMethod amConfigration" time="122.189">
    <failure type="org.openqa.selenium.NoSuchWindowException" message="no such window: target window already closed
from unknown error: web view not found
  (Session info: chrome=113.0.5672.93)
Build info: version: &amp;apos;4.4.0&amp;apos;, revision: &amp;apos;e5c75ed026a&amp;apos;
System info: host: &amp;apos;NAVEEN&amp;apos;, ip: &amp;apos;192.168.1.10&amp;apos;, os.name: &amp;apos;Windows 11&amp;apos;, os.arch: &amp;apos;amd64&amp;apos;, os.version: &amp;apos;10.0&amp;apos;, java.version: &amp;apos;17.0.6&amp;apos;
Driver info: org.openqa.selenium.chrome.ChromeDriver
Command: [61e27d34db1ad060f3e22af19ff861d5, findElements {using=css selector, value=frame[name=&amp;apos;agentframe&amp;apos;],iframe[name=&amp;apos;agentframe&amp;apos;]}]
Capabilities {acceptInsecureCerts: false, browserName: chrome, browserVersion: 113.0.5672.93, chrome: {chromedriverVersion: 113.0.5672.63 (0e1a4471d5ae..., userDataDir: C:\Users\bella\AppData\Loca...}, goog:chromeOptions: {debuggerAddress: localhost:60310}, networkConnectionEnabled: false, pageLoadStrategy: normal, platformName: WINDOWS, proxy: Proxy(), se:cdp: ws://localhost:60310/devtoo..., se:cdpVersion: 113.0.5672.93, setWindowRect: true, strictFileInteractability: false, timeouts: {implicit: 0, pageLoad: 300000, script: 30000}, unhandledPromptBehavior: dismiss and notify, webauthn:extension:credBlob: true, webauthn:extension:largeBlob: true, webauthn:extension:minPinLength: true, webauthn:extension:prf: true, webauthn:virtualAuthenticators: true}
Session ID: 61e27d34db1ad060f3e22af19ff861d5">
      <![CDATA[org.openqa.selenium.NoSuchWindowException: no such window: target window already closed
from unknown error: web view not found
  (Session info: chrome=113.0.5672.93)
Build info: version: '4.4.0', revision: 'e5c75ed026a'
System info: host: 'NAVEEN', ip: '192.168.1.10', os.name: 'Windows 11', os.arch: 'amd64', os.version: '10.0', java.version: '17.0.6'
Driver info: org.openqa.selenium.chrome.ChromeDriver
Command: [61e27d34db1ad060f3e22af19ff861d5, findElements {using=css selector, value=frame[name='agentframe'],iframe[name='agentframe']}]
Capabilities {acceptInsecureCerts: false, browserName: chrome, browserVersion: 113.0.5672.93, chrome: {chromedriverVersion: 113.0.5672.63 (0e1a4471d5ae..., userDataDir: C:\Users\bella\AppData\Loca...}, goog:chromeOptions: {debuggerAddress: localhost:60310}, networkConnectionEnabled: false, pageLoadStrategy: normal, platformName: WINDOWS, proxy: Proxy(), se:cdp: ws://localhost:60310/devtoo..., se:cdpVersion: 113.0.5672.93, setWindowRect: true, strictFileInteractability: false, timeouts: {implicit: 0, pageLoad: 300000, script: 30000}, unhandledPromptBehavior: dismiss and notify, webauthn:extension:credBlob: true, webauthn:extension:largeBlob: true, webauthn:extension:minPinLength: true, webauthn:extension:prf: true, webauthn:virtualAuthenticators: true}
Session ID: 61e27d34db1ad060f3e22af19ff861d5
at org.openqa.selenium.remote.codec.w3c.W3CHttpResponseCodec.createException(W3CHttpResponseCodec.java:200)
at org.openqa.selenium.remote.codec.w3c.W3CHttpResponseCodec.decode(W3CHttpResponseCodec.java:133)
at org.openqa.selenium.remote.codec.w3c.W3CHttpResponseCodec.decode(W3CHttpResponseCodec.java:53)
at org.openqa.selenium.remote.HttpCommandExecutor.execute(HttpCommandExecutor.java:184)
at org.openqa.selenium.remote.service.DriverCommandExecutor.invokeExecute(DriverCommandExecutor.java:167)
at org.openqa.selenium.remote.service.DriverCommandExecutor.execute(DriverCommandExecutor.java:142)
at org.openqa.selenium.remote.RemoteWebDriver.execute(RemoteWebDriver.java:547)
at org.openqa.selenium.remote.ElementLocation$ElementFinder$2.findElements(ElementLocation.java:179)
at org.openqa.selenium.remote.ElementLocation.findElements(ElementLocation.java:102)
at org.openqa.selenium.remote.RemoteWebDriver.findElements(RemoteWebDriver.java:380)
at org.openqa.selenium.remote.RemoteWebDriver.findElements(RemoteWebDriver.java:372)
at org.openqa.selenium.remote.RemoteWebDriver$RemoteTargetLocator.frame(RemoteWebDriver.java:1056)
at Convox.GenericLibraries.WebDriverLibrary.switchToFrame(WebDriverLibrary.java:221)
at Convox.ObjectRepository.AgentModule.AgentHomePage.LogoutFromAgentModule(AgentHomePage.java:180)
at Convox.GenericLibraries.BaseClass.amConfigration(BaseClass.java:98)
at java.base/java.util.concurrent.FutureTask.run(FutureTask.java:264)
at java.base/java.util.concurrent.Executors$RunnableAdapter.call(Executors.java:539)
at java.base/java.util.concurrent.FutureTask.run(FutureTask.java:264)
at java.base/java.util.concurrent.ThreadPoolExecutor.runWorker(ThreadPoolExecutor.java:1136)
at java.base/java.util.concurrent.ThreadPoolExecutor$Worker.run(ThreadPoolExecutor.java:635)
at java.base/java.lang.Thread.run(Thread.java:833)
... Removed 19 stack frames]]>
    </failure>
  </testcase> <!-- @AfterMethod amConfigration -->
  <testcase classname="Convox.GenericLibraries.BaseClass" name="@AfterMethod amConfigration" time="125.949">
    <failure type="org.openqa.selenium.NoSuchWindowException" message="no such window: target window already closed
from unknown error: web view not found
  (Session info: chrome=113.0.5672.93)
Build info: version: &amp;apos;4.4.0&amp;apos;, revision: &amp;apos;e5c75ed026a&amp;apos;
System info: host: &amp;apos;NAVEEN&amp;apos;, ip: &amp;apos;192.168.1.10&amp;apos;, os.name: &amp;apos;Windows 11&amp;apos;, os.arch: &amp;apos;amd64&amp;apos;, os.version: &amp;apos;10.0&amp;apos;, java.version: &amp;apos;17.0.6&amp;apos;
Driver info: org.openqa.selenium.chrome.ChromeDriver
Command: [61e27d34db1ad060f3e22af19ff861d5, findElements {using=css selector, value=frame#agentframe,iframe#agentframe}]
Capabilities {acceptInsecureCerts: false, browserName: chrome, browserVersion: 113.0.5672.93, chrome: {chromedriverVersion: 113.0.5672.63 (0e1a4471d5ae..., userDataDir: C:\Users\bella\AppData\Loca...}, goog:chromeOptions: {debuggerAddress: localhost:60310}, networkConnectionEnabled: false, pageLoadStrategy: normal, platformName: WINDOWS, proxy: Proxy(), se:cdp: ws://localhost:60310/devtoo..., se:cdpVersion: 113.0.5672.93, setWindowRect: true, strictFileInteractability: false, timeouts: {implicit: 0, pageLoad: 300000, script: 30000}, unhandledPromptBehavior: dismiss and notify, webauthn:extension:credBlob: true, webauthn:extension:largeBlob: true, webauthn:extension:minPinLength: true, webauthn:extension:prf: true, webauthn:virtualAuthenticators: true}
Session ID: 61e27d34db1ad060f3e22af19ff861d5">
      <![CDATA[org.openqa.selenium.NoSuchWindowException: no such window: target window already closed
from unknown error: web view not found
  (Session info: chrome=113.0.5672.93)
Build info: version: '4.4.0', revision: 'e5c75ed026a'
System info: host: 'NAVEEN', ip: '192.168.1.10', os.name: 'Windows 11', os.arch: 'amd64', os.version: '10.0', java.version: '17.0.6'
Driver info: org.openqa.selenium.chrome.ChromeDriver
Command: [61e27d34db1ad060f3e22af19ff861d5, findElements {using=css selector, value=frame#agentframe,iframe#agentframe}]
Capabilities {acceptInsecureCerts: false, browserName: chrome, browserVersion: 113.0.5672.93, chrome: {chromedriverVersion: 113.0.5672.63 (0e1a4471d5ae..., userDataDir: C:\Users\bella\AppData\Loca...}, goog:chromeOptions: {debuggerAddress: localhost:60310}, networkConnectionEnabled: false, pageLoadStrategy: normal, platformName: WINDOWS, proxy: Proxy(), se:cdp: ws://localhost:60310/devtoo..., se:cdpVersion: 113.0.5672.93, setWindowRect: true, strictFileInteractability: false, timeouts: {implicit: 0, pageLoad: 300000, script: 30000}, unhandledPromptBehavior: dismiss and notify, webauthn:extension:credBlob: true, webauthn:extension:largeBlob: true, webauthn:extension:minPinLength: true, webauthn:extension:prf: true, webauthn:virtualAuthenticators: true}
Session ID: 61e27d34db1ad060f3e22af19ff861d5
at org.openqa.selenium.remote.codec.w3c.W3CHttpResponseCodec.createException(W3CHttpResponseCodec.java:200)
at org.openqa.selenium.remote.codec.w3c.W3CHttpResponseCodec.decode(W3CHttpResponseCodec.java:133)
at org.openqa.selenium.remote.codec.w3c.W3CHttpResponseCodec.decode(W3CHttpResponseCodec.java:53)
at org.openqa.selenium.remote.HttpCommandExecutor.execute(HttpCommandExecutor.java:184)
at org.openqa.selenium.remote.service.DriverCommandExecutor.invokeExecute(DriverCommandExecutor.java:167)
at org.openqa.selenium.remote.service.DriverCommandExecutor.execute(DriverCommandExecutor.java:142)
at org.openqa.selenium.remote.RemoteWebDriver.execute(RemoteWebDriver.java:547)
at org.openqa.selenium.remote.ElementLocation$ElementFinder$2.findElements(ElementLocation.java:179)
at org.openqa.selenium.remote.ElementLocation.findElements(ElementLocation.java:102)
at org.openqa.selenium.remote.RemoteWebDriver.findElements(RemoteWebDriver.java:380)
at org.openqa.selenium.remote.RemoteWebDriver.findElements(RemoteWebDriver.java:372)
at org.openqa.selenium.remote.RemoteWebDriver$RemoteTargetLocator.frame(RemoteWebDriver.java:1059)
at Convox.GenericLibraries.WebDriverLibrary.switchToFrame(WebDriverLibrary.java:221)
at Convox.ObjectRepository.AgentModule.AgentHomePage.LogoutFromAgentModule(AgentHomePage.java:180)
at Convox.GenericLibraries.BaseClass.amConfigration(BaseClass.java:98)
at java.base/java.util.concurrent.FutureTask.run(FutureTask.java:264)
at java.base/java.util.concurrent.Executors$RunnableAdapter.call(Executors.java:539)
at java.base/java.util.concurrent.FutureTask.run(FutureTask.java:264)
at java.base/java.util.concurrent.ThreadPoolExecutor.runWorker(ThreadPoolExecutor.java:1136)
at java.base/java.util.concurrent.ThreadPoolExecutor$Worker.run(ThreadPoolExecutor.java:635)
at java.base/java.lang.Thread.run(Thread.java:833)
... Removed 19 stack frames]]>
    </failure>
  </testcase> <!-- @AfterMethod amConfigration -->
  <testcase classname="Convox.GenericLibraries.BaseClass" name="@BeforeMethod bmConfigration" time="-1.684256441001E9">
    <skipped/>
  </testcase> <!-- @BeforeMethod bmConfigration -->
  <testcase classname="Convox.GenericLibraries.BaseClass" name="@AfterMethod amConfigration" time="-1.684256441003E9">
    <skipped/>
  </testcase> <!-- @AfterMethod amConfigration -->
  <testcase classname="Convox.GenericLibraries.BaseClass" name="@BeforeMethod bmConfigration" time="-1.684256441006E9">
    <skipped/>
  </testcase> <!-- @BeforeMethod bmConfigration -->
  <testcase classname="Convox.GenericLibraries.BaseClass" name="@BeforeMethod bmConfigration" time="-1.684256440984E9">
    <skipped/>
  </testcase> <!-- @BeforeMethod bmConfigration -->
  <testcase classname="Convox.GenericLibraries.BaseClass" name="@AfterMethod amConfigration" time="125.304">
    <failure type="org.openqa.selenium.NoSuchWindowException" message="no such window: target window already closed
from unknown error: web view not found
  (Session info: chrome=113.0.5672.93)
Build info: version: &amp;apos;4.4.0&amp;apos;, revision: &amp;apos;e5c75ed026a&amp;apos;
System info: host: &amp;apos;NAVEEN&amp;apos;, ip: &amp;apos;192.168.1.10&amp;apos;, os.name: &amp;apos;Windows 11&amp;apos;, os.arch: &amp;apos;amd64&amp;apos;, os.version: &amp;apos;10.0&amp;apos;, java.version: &amp;apos;17.0.6&amp;apos;
Driver info: org.openqa.selenium.chrome.ChromeDriver
Command: [61e27d34db1ad060f3e22af19ff861d5, findElements {using=css selector, value=frame#agentframe,iframe#agentframe}]
Capabilities {acceptInsecureCerts: false, browserName: chrome, browserVersion: 113.0.5672.93, chrome: {chromedriverVersion: 113.0.5672.63 (0e1a4471d5ae..., userDataDir: C:\Users\bella\AppData\Loca...}, goog:chromeOptions: {debuggerAddress: localhost:60310}, networkConnectionEnabled: false, pageLoadStrategy: normal, platformName: WINDOWS, proxy: Proxy(), se:cdp: ws://localhost:60310/devtoo..., se:cdpVersion: 113.0.5672.93, setWindowRect: true, strictFileInteractability: false, timeouts: {implicit: 0, pageLoad: 300000, script: 30000}, unhandledPromptBehavior: dismiss and notify, webauthn:extension:credBlob: true, webauthn:extension:largeBlob: true, webauthn:extension:minPinLength: true, webauthn:extension:prf: true, webauthn:virtualAuthenticators: true}
Session ID: 61e27d34db1ad060f3e22af19ff861d5">
      <![CDATA[org.openqa.selenium.NoSuchWindowException: no such window: target window already closed
from unknown error: web view not found
  (Session info: chrome=113.0.5672.93)
Build info: version: '4.4.0', revision: 'e5c75ed026a'
System info: host: 'NAVEEN', ip: '192.168.1.10', os.name: 'Windows 11', os.arch: 'amd64', os.version: '10.0', java.version: '17.0.6'
Driver info: org.openqa.selenium.chrome.ChromeDriver
Command: [61e27d34db1ad060f3e22af19ff861d5, findElements {using=css selector, value=frame#agentframe,iframe#agentframe}]
Capabilities {acceptInsecureCerts: false, browserName: chrome, browserVersion: 113.0.5672.93, chrome: {chromedriverVersion: 113.0.5672.63 (0e1a4471d5ae..., userDataDir: C:\Users\bella\AppData\Loca...}, goog:chromeOptions: {debuggerAddress: localhost:60310}, networkConnectionEnabled: false, pageLoadStrategy: normal, platformName: WINDOWS, proxy: Proxy(), se:cdp: ws://localhost:60310/devtoo..., se:cdpVersion: 113.0.5672.93, setWindowRect: true, strictFileInteractability: false, timeouts: {implicit: 0, pageLoad: 300000, script: 30000}, unhandledPromptBehavior: dismiss and notify, webauthn:extension:credBlob: true, webauthn:extension:largeBlob: true, webauthn:extension:minPinLength: true, webauthn:extension:prf: true, webauthn:virtualAuthenticators: true}
Session ID: 61e27d34db1ad060f3e22af19ff861d5
at org.openqa.selenium.remote.codec.w3c.W3CHttpResponseCodec.createException(W3CHttpResponseCodec.java:200)
at org.openqa.selenium.remote.codec.w3c.W3CHttpResponseCodec.decode(W3CHttpResponseCodec.java:133)
at org.openqa.selenium.remote.codec.w3c.W3CHttpResponseCodec.decode(W3CHttpResponseCodec.java:53)
at org.openqa.selenium.remote.HttpCommandExecutor.execute(HttpCommandExecutor.java:184)
at org.openqa.selenium.remote.service.DriverCommandExecutor.invokeExecute(DriverCommandExecutor.java:167)
at org.openqa.selenium.remote.service.DriverCommandExecutor.execute(DriverCommandExecutor.java:142)
at org.openqa.selenium.remote.RemoteWebDriver.execute(RemoteWebDriver.java:547)
at org.openqa.selenium.remote.ElementLocation$ElementFinder$2.findElements(ElementLocation.java:179)
at org.openqa.selenium.remote.ElementLocation.findElements(ElementLocation.java:102)
at org.openqa.selenium.remote.RemoteWebDriver.findElements(RemoteWebDriver.java:380)
at org.openqa.selenium.remote.RemoteWebDriver.findElements(RemoteWebDriver.java:372)
at org.openqa.selenium.remote.RemoteWebDriver$RemoteTargetLocator.frame(RemoteWebDriver.java:1059)
at Convox.GenericLibraries.WebDriverLibrary.switchToFrame(WebDriverLibrary.java:221)
at Convox.ObjectRepository.AgentModule.AgentHomePage.LogoutFromAgentModule(AgentHomePage.java:180)
at Convox.GenericLibraries.BaseClass.amConfigration(BaseClass.java:98)
at java.base/java.util.concurrent.FutureTask.run(FutureTask.java:264)
at java.base/java.util.concurrent.Executors$RunnableAdapter.call(Executors.java:539)
at java.base/java.util.concurrent.FutureTask.run(FutureTask.java:264)
at java.base/java.util.concurrent.ThreadPoolExecutor.runWorker(ThreadPoolExecutor.java:1136)
at java.base/java.util.concurrent.ThreadPoolExecutor$Worker.run(ThreadPoolExecutor.java:635)
at java.base/java.lang.Thread.run(Thread.java:833)
... Removed 19 stack frames]]>
    </failure>
  </testcase> <!-- @AfterMethod amConfigration -->
  <testcase classname="Convox.GenericLibraries.BaseClass" name="@AfterMethod amConfigration" time="121.853">
    <failure type="org.openqa.selenium.NoSuchWindowException" message="no such window: target window already closed
from unknown error: web view not found
  (Session info: chrome=113.0.5672.93)
Build info: version: &amp;apos;4.4.0&amp;apos;, revision: &amp;apos;e5c75ed026a&amp;apos;
System info: host: &amp;apos;NAVEEN&amp;apos;, ip: &amp;apos;192.168.1.10&amp;apos;, os.name: &amp;apos;Windows 11&amp;apos;, os.arch: &amp;apos;amd64&amp;apos;, os.version: &amp;apos;10.0&amp;apos;, java.version: &amp;apos;17.0.6&amp;apos;
Driver info: org.openqa.selenium.chrome.ChromeDriver
Command: [61e27d34db1ad060f3e22af19ff861d5, findElements {using=css selector, value=frame[name=&amp;apos;agentframe&amp;apos;],iframe[name=&amp;apos;agentframe&amp;apos;]}]
Capabilities {acceptInsecureCerts: false, browserName: chrome, browserVersion: 113.0.5672.93, chrome: {chromedriverVersion: 113.0.5672.63 (0e1a4471d5ae..., userDataDir: C:\Users\bella\AppData\Loca...}, goog:chromeOptions: {debuggerAddress: localhost:60310}, networkConnectionEnabled: false, pageLoadStrategy: normal, platformName: WINDOWS, proxy: Proxy(), se:cdp: ws://localhost:60310/devtoo..., se:cdpVersion: 113.0.5672.93, setWindowRect: true, strictFileInteractability: false, timeouts: {implicit: 0, pageLoad: 300000, script: 30000}, unhandledPromptBehavior: dismiss and notify, webauthn:extension:credBlob: true, webauthn:extension:largeBlob: true, webauthn:extension:minPinLength: true, webauthn:extension:prf: true, webauthn:virtualAuthenticators: true}
Session ID: 61e27d34db1ad060f3e22af19ff861d5">
      <![CDATA[org.openqa.selenium.NoSuchWindowException: no such window: target window already closed
from unknown error: web view not found
  (Session info: chrome=113.0.5672.93)
Build info: version: '4.4.0', revision: 'e5c75ed026a'
System info: host: 'NAVEEN', ip: '192.168.1.10', os.name: 'Windows 11', os.arch: 'amd64', os.version: '10.0', java.version: '17.0.6'
Driver info: org.openqa.selenium.chrome.ChromeDriver
Command: [61e27d34db1ad060f3e22af19ff861d5, findElements {using=css selector, value=frame[name='agentframe'],iframe[name='agentframe']}]
Capabilities {acceptInsecureCerts: false, browserName: chrome, browserVersion: 113.0.5672.93, chrome: {chromedriverVersion: 113.0.5672.63 (0e1a4471d5ae..., userDataDir: C:\Users\bella\AppData\Loca...}, goog:chromeOptions: {debuggerAddress: localhost:60310}, networkConnectionEnabled: false, pageLoadStrategy: normal, platformName: WINDOWS, proxy: Proxy(), se:cdp: ws://localhost:60310/devtoo..., se:cdpVersion: 113.0.5672.93, setWindowRect: true, strictFileInteractability: false, timeouts: {implicit: 0, pageLoad: 300000, script: 30000}, unhandledPromptBehavior: dismiss and notify, webauthn:extension:credBlob: true, webauthn:extension:largeBlob: true, webauthn:extension:minPinLength: true, webauthn:extension:prf: true, webauthn:virtualAuthenticators: true}
Session ID: 61e27d34db1ad060f3e22af19ff861d5
at org.openqa.selenium.remote.codec.w3c.W3CHttpResponseCodec.createException(W3CHttpResponseCodec.java:200)
at org.openqa.selenium.remote.codec.w3c.W3CHttpResponseCodec.decode(W3CHttpResponseCodec.java:133)
at org.openqa.selenium.remote.codec.w3c.W3CHttpResponseCodec.decode(W3CHttpResponseCodec.java:53)
at org.openqa.selenium.remote.HttpCommandExecutor.execute(HttpCommandExecutor.java:184)
at org.openqa.selenium.remote.service.DriverCommandExecutor.invokeExecute(DriverCommandExecutor.java:167)
at org.openqa.selenium.remote.service.DriverCommandExecutor.execute(DriverCommandExecutor.java:142)
at org.openqa.selenium.remote.RemoteWebDriver.execute(RemoteWebDriver.java:547)
at org.openqa.selenium.remote.ElementLocation$ElementFinder$2.findElements(ElementLocation.java:179)
at org.openqa.selenium.remote.ElementLocation.findElements(ElementLocation.java:102)
at org.openqa.selenium.remote.RemoteWebDriver.findElements(RemoteWebDriver.java:380)
at org.openqa.selenium.remote.RemoteWebDriver.findElements(RemoteWebDriver.java:372)
at org.openqa.selenium.remote.RemoteWebDriver$RemoteTargetLocator.frame(RemoteWebDriver.java:1056)
at Convox.GenericLibraries.WebDriverLibrary.switchToFrame(WebDriverLibrary.java:221)
at Convox.ObjectRepository.AgentModule.AgentHomePage.LogoutFromAgentModule(AgentHomePage.java:180)
at Convox.GenericLibraries.BaseClass.amConfigration(BaseClass.java:98)
at java.base/java.util.concurrent.FutureTask.run(FutureTask.java:264)
at java.base/java.util.concurrent.Executors$RunnableAdapter.call(Executors.java:539)
at java.base/java.util.concurrent.FutureTask.run(FutureTask.java:264)
at java.base/java.util.concurrent.ThreadPoolExecutor.runWorker(ThreadPoolExecutor.java:1136)
at java.base/java.util.concurrent.ThreadPoolExecutor$Worker.run(ThreadPoolExecutor.java:635)
at java.base/java.lang.Thread.run(Thread.java:833)
... Removed 19 stack frames]]>
    </failure>
  </testcase> <!-- @AfterMethod amConfigration -->
  <testcase classname="Convox.GenericLibraries.BaseClass" name="@AfterMethod amConfigration" time="125.646">
    <failure type="org.openqa.selenium.NoSuchWindowException" message="no such window: target window already closed
from unknown error: web view not found
  (Session info: chrome=113.0.5672.93)
Build info: version: &amp;apos;4.4.0&amp;apos;, revision: &amp;apos;e5c75ed026a&amp;apos;
System info: host: &amp;apos;NAVEEN&amp;apos;, ip: &amp;apos;192.168.1.10&amp;apos;, os.name: &amp;apos;Windows 11&amp;apos;, os.arch: &amp;apos;amd64&amp;apos;, os.version: &amp;apos;10.0&amp;apos;, java.version: &amp;apos;17.0.6&amp;apos;
Driver info: org.openqa.selenium.chrome.ChromeDriver
Command: [61e27d34db1ad060f3e22af19ff861d5, findElements {using=css selector, value=frame#agentframe,iframe#agentframe}]
Capabilities {acceptInsecureCerts: false, browserName: chrome, browserVersion: 113.0.5672.93, chrome: {chromedriverVersion: 113.0.5672.63 (0e1a4471d5ae..., userDataDir: C:\Users\bella\AppData\Loca...}, goog:chromeOptions: {debuggerAddress: localhost:60310}, networkConnectionEnabled: false, pageLoadStrategy: normal, platformName: WINDOWS, proxy: Proxy(), se:cdp: ws://localhost:60310/devtoo..., se:cdpVersion: 113.0.5672.93, setWindowRect: true, strictFileInteractability: false, timeouts: {implicit: 0, pageLoad: 300000, script: 30000}, unhandledPromptBehavior: dismiss and notify, webauthn:extension:credBlob: true, webauthn:extension:largeBlob: true, webauthn:extension:minPinLength: true, webauthn:extension:prf: true, webauthn:virtualAuthenticators: true}
Session ID: 61e27d34db1ad060f3e22af19ff861d5">
      <![CDATA[org.openqa.selenium.NoSuchWindowException: no such window: target window already closed
from unknown error: web view not found
  (Session info: chrome=113.0.5672.93)
Build info: version: '4.4.0', revision: 'e5c75ed026a'
System info: host: 'NAVEEN', ip: '192.168.1.10', os.name: 'Windows 11', os.arch: 'amd64', os.version: '10.0', java.version: '17.0.6'
Driver info: org.openqa.selenium.chrome.ChromeDriver
Command: [61e27d34db1ad060f3e22af19ff861d5, findElements {using=css selector, value=frame#agentframe,iframe#agentframe}]
Capabilities {acceptInsecureCerts: false, browserName: chrome, browserVersion: 113.0.5672.93, chrome: {chromedriverVersion: 113.0.5672.63 (0e1a4471d5ae..., userDataDir: C:\Users\bella\AppData\Loca...}, goog:chromeOptions: {debuggerAddress: localhost:60310}, networkConnectionEnabled: false, pageLoadStrategy: normal, platformName: WINDOWS, proxy: Proxy(), se:cdp: ws://localhost:60310/devtoo..., se:cdpVersion: 113.0.5672.93, setWindowRect: true, strictFileInteractability: false, timeouts: {implicit: 0, pageLoad: 300000, script: 30000}, unhandledPromptBehavior: dismiss and notify, webauthn:extension:credBlob: true, webauthn:extension:largeBlob: true, webauthn:extension:minPinLength: true, webauthn:extension:prf: true, webauthn:virtualAuthenticators: true}
Session ID: 61e27d34db1ad060f3e22af19ff861d5
at org.openqa.selenium.remote.codec.w3c.W3CHttpResponseCodec.createException(W3CHttpResponseCodec.java:200)
at org.openqa.selenium.remote.codec.w3c.W3CHttpResponseCodec.decode(W3CHttpResponseCodec.java:133)
at org.openqa.selenium.remote.codec.w3c.W3CHttpResponseCodec.decode(W3CHttpResponseCodec.java:53)
at org.openqa.selenium.remote.HttpCommandExecutor.execute(HttpCommandExecutor.java:184)
at org.openqa.selenium.remote.service.DriverCommandExecutor.invokeExecute(DriverCommandExecutor.java:167)
at org.openqa.selenium.remote.service.DriverCommandExecutor.execute(DriverCommandExecutor.java:142)
at org.openqa.selenium.remote.RemoteWebDriver.execute(RemoteWebDriver.java:547)
at org.openqa.selenium.remote.ElementLocation$ElementFinder$2.findElements(ElementLocation.java:179)
at org.openqa.selenium.remote.ElementLocation.findElements(ElementLocation.java:102)
at org.openqa.selenium.remote.RemoteWebDriver.findElements(RemoteWebDriver.java:380)
at org.openqa.selenium.remote.RemoteWebDriver.findElements(RemoteWebDriver.java:372)
at org.openqa.selenium.remote.RemoteWebDriver$RemoteTargetLocator.frame(RemoteWebDriver.java:1059)
at Convox.GenericLibraries.WebDriverLibrary.switchToFrame(WebDriverLibrary.java:221)
at Convox.ObjectRepository.AgentModule.AgentHomePage.LogoutFromAgentModule(AgentHomePage.java:180)
at Convox.GenericLibraries.BaseClass.amConfigration(BaseClass.java:98)
at java.base/java.util.concurrent.FutureTask.run(FutureTask.java:264)
at java.base/java.util.concurrent.Executors$RunnableAdapter.call(Executors.java:539)
at java.base/java.util.concurrent.FutureTask.run(FutureTask.java:264)
at java.base/java.util.concurrent.ThreadPoolExecutor.runWorker(ThreadPoolExecutor.java:1136)
at java.base/java.util.concurrent.ThreadPoolExecutor$Worker.run(ThreadPoolExecutor.java:635)
at java.base/java.lang.Thread.run(Thread.java:833)
... Removed 19 stack frames]]>
    </failure>
  </testcase> <!-- @AfterMethod amConfigration -->
  <testcase classname="Convox.GenericLibraries.BaseClass" name="@BeforeMethod bmConfigration" time="-1.684256441016E9">
    <skipped/>
  </testcase> <!-- @BeforeMethod bmConfigration -->
  <testcase classname="Convox.GenericLibraries.BaseClass" name="@BeforeMethod bmConfigration" time="-1.684256440999E9">
    <skipped/>
  </testcase> <!-- @BeforeMethod bmConfigration -->
  <testcase classname="Convox.GenericLibraries.BaseClass" name="@BeforeMethod bmConfigration" time="-1.684256440999E9">
    <skipped/>
  </testcase> <!-- @BeforeMethod bmConfigration -->
  <testcase classname="Convox.GenericLibraries.BaseClass" name="@AfterMethod amConfigration" time="122.49">
    <failure type="org.openqa.selenium.NoSuchWindowException" message="no such window: target window already closed
from unknown error: web view not found
  (Session info: chrome=113.0.5672.93)
Build info: version: &amp;apos;4.4.0&amp;apos;, revision: &amp;apos;e5c75ed026a&amp;apos;
System info: host: &amp;apos;NAVEEN&amp;apos;, ip: &amp;apos;192.168.1.10&amp;apos;, os.name: &amp;apos;Windows 11&amp;apos;, os.arch: &amp;apos;amd64&amp;apos;, os.version: &amp;apos;10.0&amp;apos;, java.version: &amp;apos;17.0.6&amp;apos;
Driver info: org.openqa.selenium.chrome.ChromeDriver
Command: [61e27d34db1ad060f3e22af19ff861d5, findElements {using=css selector, value=frame[name=&amp;apos;agentframe&amp;apos;],iframe[name=&amp;apos;agentframe&amp;apos;]}]
Capabilities {acceptInsecureCerts: false, browserName: chrome, browserVersion: 113.0.5672.93, chrome: {chromedriverVersion: 113.0.5672.63 (0e1a4471d5ae..., userDataDir: C:\Users\bella\AppData\Loca...}, goog:chromeOptions: {debuggerAddress: localhost:60310}, networkConnectionEnabled: false, pageLoadStrategy: normal, platformName: WINDOWS, proxy: Proxy(), se:cdp: ws://localhost:60310/devtoo..., se:cdpVersion: 113.0.5672.93, setWindowRect: true, strictFileInteractability: false, timeouts: {implicit: 0, pageLoad: 300000, script: 30000}, unhandledPromptBehavior: dismiss and notify, webauthn:extension:credBlob: true, webauthn:extension:largeBlob: true, webauthn:extension:minPinLength: true, webauthn:extension:prf: true, webauthn:virtualAuthenticators: true}
Session ID: 61e27d34db1ad060f3e22af19ff861d5">
      <![CDATA[org.openqa.selenium.NoSuchWindowException: no such window: target window already closed
from unknown error: web view not found
  (Session info: chrome=113.0.5672.93)
Build info: version: '4.4.0', revision: 'e5c75ed026a'
System info: host: 'NAVEEN', ip: '192.168.1.10', os.name: 'Windows 11', os.arch: 'amd64', os.version: '10.0', java.version: '17.0.6'
Driver info: org.openqa.selenium.chrome.ChromeDriver
Command: [61e27d34db1ad060f3e22af19ff861d5, findElements {using=css selector, value=frame[name='agentframe'],iframe[name='agentframe']}]
Capabilities {acceptInsecureCerts: false, browserName: chrome, browserVersion: 113.0.5672.93, chrome: {chromedriverVersion: 113.0.5672.63 (0e1a4471d5ae..., userDataDir: C:\Users\bella\AppData\Loca...}, goog:chromeOptions: {debuggerAddress: localhost:60310}, networkConnectionEnabled: false, pageLoadStrategy: normal, platformName: WINDOWS, proxy: Proxy(), se:cdp: ws://localhost:60310/devtoo..., se:cdpVersion: 113.0.5672.93, setWindowRect: true, strictFileInteractability: false, timeouts: {implicit: 0, pageLoad: 300000, script: 30000}, unhandledPromptBehavior: dismiss and notify, webauthn:extension:credBlob: true, webauthn:extension:largeBlob: true, webauthn:extension:minPinLength: true, webauthn:extension:prf: true, webauthn:virtualAuthenticators: true}
Session ID: 61e27d34db1ad060f3e22af19ff861d5
at org.openqa.selenium.remote.codec.w3c.W3CHttpResponseCodec.createException(W3CHttpResponseCodec.java:200)
at org.openqa.selenium.remote.codec.w3c.W3CHttpResponseCodec.decode(W3CHttpResponseCodec.java:133)
at org.openqa.selenium.remote.codec.w3c.W3CHttpResponseCodec.decode(W3CHttpResponseCodec.java:53)
at org.openqa.selenium.remote.HttpCommandExecutor.execute(HttpCommandExecutor.java:184)
at org.openqa.selenium.remote.service.DriverCommandExecutor.invokeExecute(DriverCommandExecutor.java:167)
at org.openqa.selenium.remote.service.DriverCommandExecutor.execute(DriverCommandExecutor.java:142)
at org.openqa.selenium.remote.RemoteWebDriver.execute(RemoteWebDriver.java:547)
at org.openqa.selenium.remote.ElementLocation$ElementFinder$2.findElements(ElementLocation.java:179)
at org.openqa.selenium.remote.ElementLocation.findElements(ElementLocation.java:102)
at org.openqa.selenium.remote.RemoteWebDriver.findElements(RemoteWebDriver.java:380)
at org.openqa.selenium.remote.RemoteWebDriver.findElements(RemoteWebDriver.java:372)
at org.openqa.selenium.remote.RemoteWebDriver$RemoteTargetLocator.frame(RemoteWebDriver.java:1056)
at Convox.GenericLibraries.WebDriverLibrary.switchToFrame(WebDriverLibrary.java:221)
at Convox.ObjectRepository.AgentModule.AgentHomePage.LogoutFromAgentModule(AgentHomePage.java:180)
at Convox.GenericLibraries.BaseClass.amConfigration(BaseClass.java:98)
at java.base/java.util.concurrent.FutureTask.run(FutureTask.java:264)
at java.base/java.util.concurrent.Executors$RunnableAdapter.call(Executors.java:539)
at java.base/java.util.concurrent.FutureTask.run(FutureTask.java:264)
at java.base/java.util.concurrent.ThreadPoolExecutor.runWorker(ThreadPoolExecutor.java:1136)
at java.base/java.util.concurrent.ThreadPoolExecutor$Worker.run(ThreadPoolExecutor.java:635)
at java.base/java.lang.Thread.run(Thread.java:833)
... Removed 19 stack frames]]>
    </failure>
  </testcase> <!-- @AfterMethod amConfigration -->
  <testcase classname="Convox.GenericLibraries.BaseClass" name="@AfterMethod amConfigration" time="120.157">
    <failure type="org.openqa.selenium.NoSuchWindowException" message="no such window: target window already closed
from unknown error: web view not found
  (Session info: chrome=113.0.5672.93)
Build info: version: &amp;apos;4.4.0&amp;apos;, revision: &amp;apos;e5c75ed026a&amp;apos;
System info: host: &amp;apos;NAVEEN&amp;apos;, ip: &amp;apos;192.168.1.10&amp;apos;, os.name: &amp;apos;Windows 11&amp;apos;, os.arch: &amp;apos;amd64&amp;apos;, os.version: &amp;apos;10.0&amp;apos;, java.version: &amp;apos;17.0.6&amp;apos;
Driver info: org.openqa.selenium.chrome.ChromeDriver
Command: [61e27d34db1ad060f3e22af19ff861d5, findElements {using=css selector, value=frame[name=&amp;apos;agentframe&amp;apos;],iframe[name=&amp;apos;agentframe&amp;apos;]}]
Capabilities {acceptInsecureCerts: false, browserName: chrome, browserVersion: 113.0.5672.93, chrome: {chromedriverVersion: 113.0.5672.63 (0e1a4471d5ae..., userDataDir: C:\Users\bella\AppData\Loca...}, goog:chromeOptions: {debuggerAddress: localhost:60310}, networkConnectionEnabled: false, pageLoadStrategy: normal, platformName: WINDOWS, proxy: Proxy(), se:cdp: ws://localhost:60310/devtoo..., se:cdpVersion: 113.0.5672.93, setWindowRect: true, strictFileInteractability: false, timeouts: {implicit: 0, pageLoad: 300000, script: 30000}, unhandledPromptBehavior: dismiss and notify, webauthn:extension:credBlob: true, webauthn:extension:largeBlob: true, webauthn:extension:minPinLength: true, webauthn:extension:prf: true, webauthn:virtualAuthenticators: true}
Session ID: 61e27d34db1ad060f3e22af19ff861d5">
      <![CDATA[org.openqa.selenium.NoSuchWindowException: no such window: target window already closed
from unknown error: web view not found
  (Session info: chrome=113.0.5672.93)
Build info: version: '4.4.0', revision: 'e5c75ed026a'
System info: host: 'NAVEEN', ip: '192.168.1.10', os.name: 'Windows 11', os.arch: 'amd64', os.version: '10.0', java.version: '17.0.6'
Driver info: org.openqa.selenium.chrome.ChromeDriver
Command: [61e27d34db1ad060f3e22af19ff861d5, findElements {using=css selector, value=frame[name='agentframe'],iframe[name='agentframe']}]
Capabilities {acceptInsecureCerts: false, browserName: chrome, browserVersion: 113.0.5672.93, chrome: {chromedriverVersion: 113.0.5672.63 (0e1a4471d5ae..., userDataDir: C:\Users\bella\AppData\Loca...}, goog:chromeOptions: {debuggerAddress: localhost:60310}, networkConnectionEnabled: false, pageLoadStrategy: normal, platformName: WINDOWS, proxy: Proxy(), se:cdp: ws://localhost:60310/devtoo..., se:cdpVersion: 113.0.5672.93, setWindowRect: true, strictFileInteractability: false, timeouts: {implicit: 0, pageLoad: 300000, script: 30000}, unhandledPromptBehavior: dismiss and notify, webauthn:extension:credBlob: true, webauthn:extension:largeBlob: true, webauthn:extension:minPinLength: true, webauthn:extension:prf: true, webauthn:virtualAuthenticators: true}
Session ID: 61e27d34db1ad060f3e22af19ff861d5
at org.openqa.selenium.remote.codec.w3c.W3CHttpResponseCodec.createException(W3CHttpResponseCodec.java:200)
at org.openqa.selenium.remote.codec.w3c.W3CHttpResponseCodec.decode(W3CHttpResponseCodec.java:133)
at org.openqa.selenium.remote.codec.w3c.W3CHttpResponseCodec.decode(W3CHttpResponseCodec.java:53)
at org.openqa.selenium.remote.HttpCommandExecutor.execute(HttpCommandExecutor.java:184)
at org.openqa.selenium.remote.service.DriverCommandExecutor.invokeExecute(DriverCommandExecutor.java:167)
at org.openqa.selenium.remote.service.DriverCommandExecutor.execute(DriverCommandExecutor.java:142)
at org.openqa.selenium.remote.RemoteWebDriver.execute(RemoteWebDriver.java:547)
at org.openqa.selenium.remote.ElementLocation$ElementFinder$2.findElements(ElementLocation.java:179)
at org.openqa.selenium.remote.ElementLocation.findElements(ElementLocation.java:102)
at org.openqa.selenium.remote.RemoteWebDriver.findElements(RemoteWebDriver.java:380)
at org.openqa.selenium.remote.RemoteWebDriver.findElements(RemoteWebDriver.java:372)
at org.openqa.selenium.remote.RemoteWebDriver$RemoteTargetLocator.frame(RemoteWebDriver.java:1056)
at Convox.GenericLibraries.WebDriverLibrary.switchToFrame(WebDriverLibrary.java:221)
at Convox.ObjectRepository.AgentModule.AgentHomePage.LogoutFromAgentModule(AgentHomePage.java:180)
at Convox.GenericLibraries.BaseClass.amConfigration(BaseClass.java:98)
at java.base/java.util.concurrent.FutureTask.run(FutureTask.java:264)
at java.base/java.util.concurrent.Executors$RunnableAdapter.call(Executors.java:539)
at java.base/java.util.concurrent.FutureTask.run(FutureTask.java:264)
at java.base/java.util.concurrent.ThreadPoolExecutor.runWorker(ThreadPoolExecutor.java:1136)
at java.base/java.util.concurrent.ThreadPoolExecutor$Worker.run(ThreadPoolExecutor.java:635)
at java.base/java.lang.Thread.run(Thread.java:833)
... Removed 18 stack frames]]>
    </failure>
  </testcase> <!-- @AfterMethod amConfigration -->
  <testcase classname="Convox.GenericLibraries.BaseClass" name="@BeforeMethod bmConfigration" time="-1.684256440999E9">
    <skipped/>
  </testcase> <!-- @BeforeMethod bmConfigration -->
  <testcase classname="Convox.GenericLibraries.BaseClass" name="@BeforeMethod bmConfigration" time="-1.684256441025E9">
    <skipped/>
  </testcase> <!-- @BeforeMethod bmConfigration -->
  <testcase classname="Convox.GenericLibraries.BaseClass" name="@BeforeMethod bmConfigration" time="-1.684256440999E9">
    <skipped/>
  </testcase> <!-- @BeforeMethod bmConfigration -->
  <testcase classname="Convox.GenericLibraries.BaseClass" name="@BeforeMethod bmConfigration" time="-1.684256440998E9">
    <skipped/>
  </testcase> <!-- @BeforeMethod bmConfigration -->
  <testcase classname="Convox.GenericLibraries.BaseClass" name="@AfterMethod amConfigration" time="120.826">
    <failure type="org.openqa.selenium.NoSuchWindowException" message="no such window: target window already closed
from unknown error: web view not found
  (Session info: chrome=113.0.5672.93)
Build info: version: &amp;apos;4.4.0&amp;apos;, revision: &amp;apos;e5c75ed026a&amp;apos;
System info: host: &amp;apos;NAVEEN&amp;apos;, ip: &amp;apos;192.168.1.10&amp;apos;, os.name: &amp;apos;Windows 11&amp;apos;, os.arch: &amp;apos;amd64&amp;apos;, os.version: &amp;apos;10.0&amp;apos;, java.version: &amp;apos;17.0.6&amp;apos;
Driver info: org.openqa.selenium.chrome.ChromeDriver
Command: [61e27d34db1ad060f3e22af19ff861d5, findElements {using=css selector, value=frame[name=&amp;apos;agentframe&amp;apos;],iframe[name=&amp;apos;agentframe&amp;apos;]}]
[...]
    <skipped/>
  </testcase> <!-- MultipleLoginTest -->
  <testcase classname="Agent_Module.AgentMultipleLoginTest" name="MultipleLoginTest" time="0.0">
    <skipped/>
  </testcase> <!-- MultipleLoginTest -->
  <testcase classname="Agent_Module.AgentMultipleLoginTest" name="MultipleLoginTest" time="0.0">
    <skipped/>
  </testcase> <!-- MultipleLoginTest -->
  <testcase classname="Agent_Module.AgentMultipleLoginTest" name="MultipleLoginTest" time="0.0">
    <skipped/>
  </testcase> <!-- MultipleLoginTest -->
  <testcase classname="Agent_Module.AgentMultipleLoginTest" name="MultipleLoginTest" time="0.0">
    <skipped/>
  </testcase> <!-- MultipleLoginTest -->
  <testcase classname="Agent_Module.AgentMultipleLoginTest" name="MultipleLoginTest" time="0.0">
    <skipped/>
  </testcase> <!-- MultipleLoginTest -->
  <testcase classname="Agent_Module.AgentMultipleLoginTest" name="MultipleLoginTest" time="0.0">
    <skipped/>
  </testcase> <!-- MultipleLoginTest -->
  <testcase classname="Agent_Module.AgentMultipleLoginTest" name="MultipleLoginTest" time="0.0">
    <skipped/>
  </testcase> <!-- MultipleLoginTest -->
  <testcase classname="Agent_Module.AgentMultipleLoginTest" name="MultipleLoginTest" time="0.0">
    <skipped/>
  </testcase> <!-- MultipleLoginTest -->
  <testcase classname="Agent_Module.AgentMultipleLoginTest" name="MultipleLoginTest" time="0.0">
    <skipped/>
  </testcase> <!-- MultipleLoginTest -->
  <testcase classname="Agent_Module.AgentMultipleLoginTest" name="MultipleLoginTest" time="0.0">
    <skipped/>
  </testcase> <!-- MultipleLoginTest -->
  <testcase classname="Agent_Module.AgentMultipleLoginTest" name="MultipleLoginTest" time="0.0">
    <skipped/>
  </testcase> <!-- MultipleLoginTest -->
  <testcase classname="Agent_Module.AgentMultipleLoginTest" name="MultipleLoginTest" time="0.0">
    <skipped/>
  </testcase> <!-- MultipleLoginTest -->
  <testcase classname="Agent_Module.AgentMultipleLoginTest" name="MultipleLoginTest" time="0.0">
    <skipped/>
  </testcase> <!-- MultipleLoginTest -->
  <testcase classname="Agent_Module.AgentMultipleLoginTest" name="MultipleLoginTest" time="0.0">
    <skipped/>
  </testcase> <!-- MultipleLoginTest -->
  <testcase classname="Agent_Module.AgentMultipleLoginTest" name="MultipleLoginTest" time="0.0">
    <skipped/>
  </testcase> <!-- MultipleLoginTest -->
  <testcase classname="Agent_Module.AgentMultipleLoginTest" name="MultipleLoginTest" time="0.0">
    <skipped/>
  </testcase> <!-- MultipleLoginTest -->
  <testcase classname="Agent_Module.AgentMultipleLoginTest" name="MultipleLoginTest" time="0.0">
    <skipped/>
  </testcase> <!-- MultipleLoginTest -->
  <testcase classname="Agent_Module.AgentMultipleLoginTest" name="MultipleLoginTest" time="0.0">
    <skipped/>
  </testcase> <!-- MultipleLoginTest -->
  <testcase classname="Agent_Module.AgentMultipleLoginTest" name="MultipleLoginTest" time="0.0">
    <skipped/>
  </testcase> <!-- MultipleLoginTest -->
  <testcase classname="Agent_Module.AgentMultipleLoginTest" name="MultipleLoginTest" time="0.0">
    <skipped/>
  </testcase> <!-- MultipleLoginTest -->
  <testcase classname="Agent_Module.AgentMultipleLoginTest" name="MultipleLoginTest" time="0.0">
    <skipped/>
  </testcase> <!-- MultipleLoginTest -->
  <testcase classname="Agent_Module.AgentMultipleLoginTest" name="MultipleLoginTest" time="0.0">
    <skipped/>
  </testcase> <!-- MultipleLoginTest -->
  <testcase classname="Agent_Module.AgentMultipleLoginTest" name="MultipleLoginTest" time="0.0">
    <skipped/>
  </testcase> <!-- MultipleLoginTest -->
  <testcase classname="Agent_Module.AgentMultipleLoginTest" name="MultipleLoginTest" time="0.0">
    <skipped/>
  </testcase> <!-- MultipleLoginTest -->
  <testcase classname="Agent_Module.AgentMultipleLoginTest" name="MultipleLoginTest" time="0.0">
    <skipped/>
  </testcase> <!-- MultipleLoginTest -->
  <testcase classname="Agent_Module.AgentMultipleLoginTest" name="MultipleLoginTest" time="0.0">
    <skipped/>
  </testcase> <!-- MultipleLoginTest -->
  <testcase classname="Agent_Module.AgentMultipleLoginTest" name="MultipleLoginTest" time="0.0">
    <skipped/>
  </testcase> <!-- MultipleLoginTest -->
  <testcase classname="Agent_Module.AgentMultipleLoginTest" name="MultipleLoginTest" time="0.0">
    <skipped/>
  </testcase> <!-- MultipleLoginTest -->
  <testcase classname="Agent_Module.AgentMultipleLoginTest" name="MultipleLoginTest" time="0.0">
    <skipped/>
  </testcase> <!-- MultipleLoginTest -->
  <testcase classname="Agent_Module.AgentMultipleLoginTest" name="MultipleLoginTest" time="0.0">
    <skipped/>
  </testcase> <!-- MultipleLoginTest -->
  <testcase classname="Agent_Module.AgentMultipleLoginTest" name="MultipleLoginTest" time="0.0">
    <skipped/>
  </testcase> <!-- MultipleLoginTest -->
  <testcase classname="Agent_Module.AgentMultipleLoginTest" name="MultipleLoginTest" time="0.0">
    <skipped/>
  </testcase> <!-- MultipleLoginTest -->
  <testcase classname="Agent_Module.AgentMultipleLoginTest" name="MultipleLoginTest" time="0.0">
    <skipped/>
  </testcase> <!-- MultipleLoginTest -->
  <testcase classname="Agent_Module.AgentMultipleLoginTest" name="MultipleLoginTest" time="0.0">
    <skipped/>
  </testcase> <!-- MultipleLoginTest -->
  <testcase classname="Agent_Module.AgentMultipleLoginTest" name="MultipleLoginTest" time="0.0">
    <skipped/>
  </testcase> <!-- MultipleLoginTest -->
  <testcase classname="Agent_Module.AgentMultipleLoginTest" name="MultipleLoginTest" time="0.0">
    <skipped/>
  </testcase> <!-- MultipleLoginTest -->
  <testcase classname="Agent_Module.AgentMultipleLoginTest" name="MultipleLoginTest" time="0.0">
    <skipped/>
  </testcase> <!-- MultipleLoginTest -->
  <testcase classname="Agent_Module.AgentMultipleLoginTest" name="MultipleLoginTest" time="0.0">
    <skipped/>
  </testcase> <!-- MultipleLoginTest -->
  <testcase classname="Agent_Module.AgentMultipleLoginTest" name="MultipleLoginTest" time="0.0">
    <skipped/>
  </testcase> <!-- MultipleLoginTest -->
  <testcase classname="Agent_Module.AgentMultipleLoginTest" name="MultipleLoginTest" time="0.0">
    <skipped/>
  </testcase> <!-- MultipleLoginTest -->
  <testcase classname="Agent_Module.AgentMultipleLoginTest" name="MultipleLoginTest" time="0.0">
    <skipped/>
  </testcase> <!-- MultipleLoginTest -->
  <testcase classname="Agent_Module.AgentMultipleLoginTest" name="MultipleLoginTest" time="0.0">
    <skipped/>
  </testcase> <!-- MultipleLoginTest -->
  <testcase classname="Agent_Module.AgentMultipleLoginTest" name="MultipleLoginTest" time="0.0">
    <skipped/>
  </testcase> <!-- MultipleLoginTest -->
  <testcase classname="Agent_Module.AgentMultipleLoginTest" name="MultipleLoginTest" time="0.0">
    <skipped/>
  </testcase> <!-- MultipleLoginTest -->
  <testcase classname="Agent_Module.AgentMultipleLoginTest" name="MultipleLoginTest" time="0.0">
    <skipped/>
  </testcase> <!-- MultipleLoginTest -->
  <testcase classname="Agent_Module.AgentMultipleLoginTest" name="MultipleLoginTest" time="0.0">
    <skipped/>
  </testcase> <!-- MultipleLoginTest -->
  <testcase classname="Agent_Module.AgentMultipleLoginTest" name="MultipleLoginTest" time="0.0">
    <skipped/>
  </testcase> <!-- MultipleLoginTest -->
  <testcase classname="Agent_Module.AgentMultipleLoginTest" name="MultipleLoginTest" time="0.0">
    <skipped/>
  </testcase> <!-- MultipleLoginTest -->
  <testcase classname="Agent_Module.AgentMultipleLoginTest" name="MultipleLoginTest" time="0.0">
    <skipped/>
  </testcase> <!-- MultipleLoginTest -->
  <testcase classname="Agent_Module.AgentMultipleLoginTest" name="MultipleLoginTest" time="0.0">
    <skipped/>
  </testcase> <!-- MultipleLoginTest -->
  <testcase classname="Agent_Module.AgentMultipleLoginTest" name="MultipleLoginTest" time="0.0">
    <skipped/>
  </testcase> <!-- MultipleLoginTest -->
  <testcase classname="Agent_Module.AgentMultipleLoginTest" name="MultipleLoginTest" time="0.0">
    <skipped/>
  </testcase> <!-- MultipleLoginTest -->
  <testcase classname="Agent_Module.AgentMultipleLoginTest" name="MultipleLoginTest" time="0.0">
    <skipped/>
  </testcase> <!-- MultipleLoginTest -->
  <testcase classname="Agent_Module.AgentMultipleLoginTest" name="MultipleLoginTest" time="0.0">
    <skipped/>
  </testcase> <!-- MultipleLoginTest -->
  <testcase classname="Agent_Module.AgentMultipleLoginTest" name="MultipleLoginTest" time="0.0">
    <skipped/>
  </testcase> <!-- MultipleLoginTest -->
  <testcase classname="Agent_Module.AgentMultipleLoginTest" name="MultipleLoginTest" time="0.0">
    <skipped/>
  </testcase> <!-- MultipleLoginTest -->
  <testcase classname="Agent_Module.AgentMultipleLoginTest" name="MultipleLoginTest" time="0.0">
    <skipped/>
  </testcase> <!-- MultipleLoginTest -->
  <testcase classname="Agent_Module.AgentMultipleLoginTest" name="MultipleLoginTest" time="0.0">
    <skipped/>
  </testcase> <!-- MultipleLoginTest -->
  <testcase classname="Agent_Module.AgentMultipleLoginTest" name="MultipleLoginTest" time="0.0">
    <skipped/>
  </testcase> <!-- MultipleLoginTest -->
  <testcase classname="Agent_Module.AgentMultipleLoginTest" name="MultipleLoginTest" time="0.0">
    <skipped/>
  </testcase> <!-- MultipleLoginTest -->
  <testcase classname="Agent_Module.AgentMultipleLoginTest" name="MultipleLoginTest" time="0.0">
    <skipped/>
  </testcase> <!-- MultipleLoginTest -->
  <testcase classname="Agent_Module.AgentMultipleLoginTest" name="MultipleLoginTest" time="0.0">
    <skipped/>
  </testcase> <!-- MultipleLoginTest -->
  <testcase classname="Agent_Module.AgentMultipleLoginTest" name="MultipleLoginTest" time="0.0">
    <skipped/>
  </testcase> <!-- MultipleLoginTest -->
  <testcase classname="Agent_Module.AgentMultipleLoginTest" name="MultipleLoginTest" time="0.0">
    <skipped/>
  </testcase> <!-- MultipleLoginTest -->
  <testcase classname="Agent_Module.AgentMultipleLoginTest" name="MultipleLoginTest" time="0.0">
    <skipped/>
  </testcase> <!-- MultipleLoginTest -->
  <testcase classname="Agent_Module.AgentMultipleLoginTest" name="MultipleLoginTest" time="0.0">
    <skipped/>
  </testcase> <!-- MultipleLoginTest -->
  <testcase classname="Agent_Module.AgentMultipleLoginTest" name="MultipleLoginTest" time="0.0">
    <skipped/>
  </testcase> <!-- MultipleLoginTest -->
  <testcase classname="Agent_Module.AgentMultipleLoginTest" name="MultipleLoginTest" time="0.0">
    <skipped/>
  </testcase> <!-- MultipleLoginTest -->
  <testcase classname="Agent_Module.AgentMultipleLoginTest" name="MultipleLoginTest" time="0.0">
    <skipped/>
  </testcase> <!-- MultipleLoginTest -->
  <testcase classname="Agent_Module.AgentMultipleLoginTest" name="MultipleLoginTest" time="0.0">
    <skipped/>
  </testcase> <!-- MultipleLoginTest -->
  <testcase classname="Agent_Module.AgentMultipleLoginTest" name="MultipleLoginTest" time="0.0">
    <skipped/>
  </testcase> <!-- MultipleLoginTest -->
  <testcase classname="Agent_Module.AgentMultipleLoginTest" name="MultipleLoginTest" time="0.0">
    <skipped/>
  </testcase> <!-- MultipleLoginTest -->
  <testcase classname="Agent_Module.AgentMultipleLoginTest" name="MultipleLoginTest" time="0.0">
    <skipped/>
  </testcase> <!-- MultipleLoginTest -->
  <testcase classname="Agent_Module.AgentMultipleLoginTest" name="MultipleLoginTest" time="0.0">
    <skipped/>
  </testcase> <!-- MultipleLoginTest -->
  <testcase classname="Agent_Module.AgentMultipleLoginTest" name="MultipleLoginTest" time="0.0">
    <skipped/>
  </testcase> <!-- MultipleLoginTest -->
  <testcase classname="Agent_Module.AgentMultipleLoginTest" name="MultipleLoginTest" time="0.0">
    <skipped/>
  </testcase> <!-- MultipleLoginTest -->
  <testcase classname="Agent_Module.AgentMultipleLoginTest" name="MultipleLoginTest" time="0.0">
    <skipped/>
  </testcase> <!-- MultipleLoginTest -->
  <testcase classname="Agent_Module.AgentMultipleLoginTest" name="MultipleLoginTest" time="0.0">
    <skipped/>
  </testcase> <!-- MultipleLoginTest -->
  <testcase classname="Agent_Module.AgentMultipleLoginTest" name="MultipleLoginTest" time="0.0">
    <skipped/>
  </testcase> <!-- MultipleLoginTest -->
  <testcase classname="Agent_Module.AgentMultipleLoginTest" name="MultipleLoginTest" time="0.0">
    <skipped/>
  </testcase> <!-- MultipleLoginTest -->
  <testcase classname="Agent_Module.AgentMultipleLoginTest" name="MultipleLoginTest" time="0.0">
    <skipped/>
  </testcase> <!-- MultipleLoginTest -->
  <testcase classname="Agent_Module.AgentMultipleLoginTest" name="MultipleLoginTest" time="0.0">
    <skipped/>
  </testcase> <!-- MultipleLoginTest -->
  <testcase classname="Agent_Module.AgentMultipleLoginTest" name="MultipleLoginTest" time="0.0">
    <skipped/>
  </testcase> <!-- MultipleLoginTest -->
  <testcase classname="Agent_Module.AgentMultipleLoginTest" name="MultipleLoginTest" time="0.0">
    <skipped/>
  </testcase> <!-- MultipleLoginTest -->
  <testcase classname="Agent_Module.AgentMultipleLoginTest" name="MultipleLoginTest" time="0.0">
    <skipped/>
  </testcase> <!-- MultipleLoginTest -->
  <testcase classname="Agent_Module.AgentMultipleLoginTest" name="MultipleLoginTest" time="0.0">
    <skipped/>
  </testcase> <!-- MultipleLoginTest -->
  <testcase classname="Agent_Module.AgentMultipleLoginTest" name="MultipleLoginTest" time="0.0">
    <skipped/>
  </testcase> <!-- MultipleLoginTest -->
  <testcase classname="Agent_Module.AgentMultipleLoginTest" name="MultipleLoginTest" time="0.0">
    <skipped/>
  </testcase> <!-- MultipleLoginTest -->
  <testcase classname="Agent_Module.AgentMultipleLoginTest" name="MultipleLoginTest" time="0.0">
    <skipped/>
  </testcase> <!-- MultipleLoginTest -->
  <testcase classname="Agent_Module.AgentMultipleLoginTest" name="MultipleLoginTest" time="0.0">
    <skipped/>
  </testcase> <!-- MultipleLoginTest -->
  <testcase classname="Agent_Module.AgentMultipleLoginTest" name="MultipleLoginTest" time="0.0">
    <skipped/>
  </testcase> <!-- MultipleLoginTest -->
  <testcase classname="Agent_Module.AgentMultipleLoginTest" name="MultipleLoginTest" time="0.0">
    <skipped/>
  </testcase> <!-- MultipleLoginTest -->
  <testcase classname="Agent_Module.AgentMultipleLoginTest" name="MultipleLoginTest" time="0.0">
    <skipped/>
  </testcase> <!-- MultipleLoginTest -->
  <testcase classname="Agent_Module.AgentMultipleLoginTest" name="MultipleLoginTest" time="0.0">
    <skipped/>
  </testcase> <!-- MultipleLoginTest -->
  <testcase classname="Agent_Module.AgentMultipleLoginTest" name="MultipleLoginTest" time="0.0">
    <skipped/>
  </testcase> <!-- MultipleLoginTest -->
  <testcase classname="Agent_Module.AgentMultipleLoginTest" name="MultipleLoginTest" time="0.0">
    <skipped/>
  </testcase> <!-- MultipleLoginTest -->
  <testcase classname="Agent_Module.AgentMultipleLoginTest" name="MultipleLoginTest" time="0.0">
    <skipped/>
  </testcase> <!-- MultipleLoginTest -->
  <testcase classname="Agent_Module.AgentMultipleLoginTest" name="MultipleLoginTest" time="0.0">
    <skipped/>
  </testcase> <!-- MultipleLoginTest -->
  <testcase classname="Agent_Module.AgentMultipleLoginTest" name="MultipleLoginTest" time="0.0">
    <skipped/>
  </testcase> <!-- MultipleLoginTest -->
  <testcase classname="Agent_Module.AgentMultipleLoginTest" name="MultipleLoginTest" time="0.0">
    <skipped/>
  </testcase> <!-- MultipleLoginTest -->
  <testcase classname="Agent_Module.AgentMultipleLoginTest" name="MultipleLoginTest" time="0.0">
    <skipped/>
  </testcase> <!-- MultipleLoginTest -->
  <testcase classname="Agent_Module.AgentMultipleLoginTest" name="MultipleLoginTest" time="0.0">
    <skipped/>
  </testcase> <!-- MultipleLoginTest -->
  <testcase classname="Agent_Module.AgentMultipleLoginTest" name="MultipleLoginTest" time="0.0">
    <skipped/>
  </testcase> <!-- MultipleLoginTest -->
  <testcase classname="Agent_Module.AgentMultipleLoginTest" name="MultipleLoginTest" time="0.0">
    <skipped/>
  </testcase> <!-- MultipleLoginTest -->
  <testcase classname="Agent_Module.AgentMultipleLoginTest" name="MultipleLoginTest" time="0.0">
    <skipped/>
  </testcase> <!-- MultipleLoginTest -->
  <testcase classname="Agent_Module.AgentMultipleLoginTest" name="MultipleLoginTest" time="0.0">
    <skipped/>
  </testcase> <!-- MultipleLoginTest -->
  <testcase classname="Agent_Module.AgentMultipleLoginTest" name="MultipleLoginTest" time="0.0">
    <skipped/>
  </testcase> <!-- MultipleLoginTest -->
  <testcase classname="Agent_Module.AgentMultipleLoginTest" name="MultipleLoginTest" time="0.0">
    <skipped/>
  </testcase> <!-- MultipleLoginTest -->
  <testcase classname="Agent_Module.AgentMultipleLoginTest" name="MultipleLoginTest" time="0.0">
    <skipped/>
  </testcase> <!-- MultipleLoginTest -->
  <testcase classname="Agent_Module.AgentMultipleLoginTest" name="MultipleLoginTest" time="0.0">
    <skipped/>
  </testcase> <!-- MultipleLoginTest -->
  <testcase classname="Agent_Module.AgentMultipleLoginTest" name="MultipleLoginTest" time="0.0">
    <skipped/>
  </testcase> <!-- MultipleLoginTest -->
  <testcase classname="Agent_Module.AgentMultipleLoginTest" name="MultipleLoginTest" time="0.0">
    <skipped/>
  </testcase> <!-- MultipleLoginTest -->
  <testcase classname="Agent_Module.AgentMultipleLoginTest" name="MultipleLoginTest" time="0.0">
    <skipped/>
  </testcase> <!-- MultipleLoginTest -->
  <testcase classname="Agent_Module.AgentMultipleLoginTest" name="MultipleLoginTest" time="0.0">
    <skipped/>
  </testcase> <!-- MultipleLoginTest -->
  <testcase classname="Agent_Module.AgentMultipleLoginTest" name="MultipleLoginTest" time="0.0">
    <skipped/>
  </testcase> <!-- MultipleLoginTest -->
  <testcase classname="Agent_Module.AgentMultipleLoginTest" name="MultipleLoginTest" time="0.0">
    <skipped/>
  </testcase> <!-- MultipleLoginTest -->
  <testcase classname="Agent_Module.AgentMultipleLoginTest" name="MultipleLoginTest" time="0.0">
    <skipped/>
  </testcase> <!-- MultipleLoginTest -->
  <testcase classname="Agent_Module.AgentMultipleLoginTest" name="MultipleLoginTest" time="0.0">
    <skipped/>
  </testcase> <!-- MultipleLoginTest -->
  <testcase classname="Agent_Module.AgentMultipleLoginTest" name="MultipleLoginTest" time="0.0">
    <skipped/>
  </testcase> <!-- MultipleLoginTest -->
  <testcase classname="Agent_Module.AgentMultipleLoginTest" name="MultipleLoginTest" time="0.0">
    <skipped/>
  </testcase> <!-- MultipleLoginTest -->
  <testcase classname="Agent_Module.AgentMultipleLoginTest" name="MultipleLoginTest" time="0.0">
    <skipped/>
  </testcase> <!-- MultipleLoginTest -->
  <testcase classname="Agent_Module.AgentMultipleLoginTest" name="MultipleLoginTest" time="0.0">
    <skipped/>
  </testcase> <!-- MultipleLoginTest -->
  <testcase classname="Agent_Module.AgentMultipleLoginTest" name="MultipleLoginTest" time="0.0">
    <skipped/>
  </testcase> <!-- MultipleLoginTest -->
  <testcase classname="Agent_Module.AgentMultipleLoginTest" name="MultipleLoginTest" time="0.0">
    <skipped/>
  </testcase> <!-- MultipleLoginTest -->
  <testcase classname="Agent_Module.AgentMultipleLoginTest" name="MultipleLoginTest" time="0.0">
    <skipped/>
  </testcase> <!-- MultipleLoginTest -->
  <testcase classname="Agent_Module.AgentMultipleLoginTest" name="MultipleLoginTest" time="0.0">
    <skipped/>
  </testcase> <!-- MultipleLoginTest -->
  <testcase classname="Agent_Module.AgentMultipleLoginTest" name="MultipleLoginTest" time="0.0">
    <skipped/>
  </testcase> <!-- MultipleLoginTest -->
  <testcase classname="Agent_Module.AgentMultipleLoginTest" name="MultipleLoginTest" time="0.0">
    <skipped/>
  </testcase> <!-- MultipleLoginTest -->
  <testcase classname="Agent_Module.AgentMultipleLoginTest" name="MultipleLoginTest" time="0.0">
    <skipped/>
  </testcase> <!-- MultipleLoginTest -->
  <testcase classname="Agent_Module.AgentMultipleLoginTest" name="MultipleLoginTest" time="0.0">
    <skipped/>
  </testcase> <!-- MultipleLoginTest -->
</testsuite> <!-- Test -->
